Total Minted Anons: 580

Categories rarity:

backgrounds (580 of 580 - 100 %):
   10 of 580 (trait:  1.72 %, total:  1.72 %) - Banana
  130 of 580 (trait: 22.41 %, total: 22.41 %) - Beige
   60 of 580 (trait: 10.34 %, total: 10.34 %) - Blue
  127 of 580 (trait:  21.9 %, total:  21.9 %) - Green
  149 of 580 (trait: 25.69 %, total: 25.69 %) - Grey
  104 of 580 (trait: 17.93 %, total: 17.93 %) - Purple

basePerson (580 of 580 - 100 %):
  115 of 580 (trait: 19.83 %, total: 19.83 %) - Beige
  112 of 580 (trait: 19.31 %, total: 19.31 %) - Blue
   25 of 580 (trait:  4.31 %, total:  4.31 %) - Green
  115 of 580 (trait: 19.83 %, total: 19.83 %) - Grey
  105 of 580 (trait:  18.1 %, total:  18.1 %) - Orange
  108 of 580 (trait: 18.62 %, total: 18.62 %) - Purple

head (580 of 580 - 100 %):
   20 of 580 (trait:  3.45 %, total:  3.45 %) - Balaclava
   29 of 580 (trait:     5 %, total:     5 %) - Bald
   24 of 580 (trait:  4.14 %, total:  4.14 %) - Beer Helmet
   47 of 580 (trait:   8.1 %, total:   8.1 %) - Bowler
   30 of 580 (trait:  5.17 %, total:  5.17 %) - BucketHat - Bananas
   30 of 580 (trait:  5.17 %, total:  5.17 %) - BucketHat - Tiedye
   45 of 580 (trait:  7.76 %, total:  7.76 %) - Cowboy
   54 of 580 (trait:  9.31 %, total:  9.31 %) - Detective
    6 of 580 (trait:  1.03 %, total:  1.03 %) - Helmet
   44 of 580 (trait:  7.59 %, total:  7.59 %) - Men 1
   45 of 580 (trait:  7.76 %, total:  7.76 %) - Men 2
   25 of 580 (trait:  4.31 %, total:  4.31 %) - Sunhat
   15 of 580 (trait:  2.59 %, total:  2.59 %) - Tall Mountie
   41 of 580 (trait:  7.07 %, total:  7.07 %) - Tweed
   42 of 580 (trait:  7.24 %, total:  7.24 %) - Wide Brim
   46 of 580 (trait:  7.93 %, total:  7.93 %) - Womens 1
   37 of 580 (trait:  6.38 %, total:  6.38 %) - Womens 2

eyes (240 of 580 - 41.38 %):
   27 of 240 (trait: 11.25 %, total:  4.66 %) - Binocular
   51 of 240 (trait: 21.25 %, total:  8.79 %) - Black Sunglass
    2 of 240 (trait:  0.83 %, total:  0.34 %) - Black Sunglass and Magnifying Glass
   26 of 240 (trait: 10.83 %, total:  4.48 %) - Camera
   28 of 240 (trait: 11.67 %, total:  4.83 %) - Disguise
   10 of 240 (trait:  4.17 %, total:  1.72 %) - Gas Mask
   50 of 240 (trait: 20.83 %, total:  8.62 %) - Gold Sunglass
    1 of 240 (trait:  0.42 %, total:  0.17 %) - Gold Sunglass and Magnifying Glass
   25 of 240 (trait: 10.42 %, total:  4.31 %) - Magnifying Glass
   20 of 240 (trait:  8.33 %, total:  3.45 %) - Plague Mask

clothes (580 of 580 - 100 %):
   26 of 580 (trait:  4.48 %, total:  4.48 %) - Blouse
   48 of 580 (trait:  8.28 %, total:  8.28 %) - Bomber
   31 of 580 (trait:  5.34 %, total:  5.34 %) - Hawaiian Shirt - Bananas
   33 of 580 (trait:  5.69 %, total:  5.69 %) - Hawaiian Shirt - Secret
   50 of 580 (trait:  8.62 %, total:  8.62 %) - Hoodie
   45 of 580 (trait:  7.76 %, total:  7.76 %) - No Tie
   30 of 580 (trait:  5.17 %, total:  5.17 %) - Open Overcoat
   67 of 580 (trait: 11.55 %, total: 11.55 %) - Overcoat
   52 of 580 (trait:  8.97 %, total:  8.97 %) - Smoking Jacket
   89 of 580 (trait: 15.34 %, total: 15.34 %) - Tactical
   49 of 580 (trait:  8.45 %, total:  8.45 %) - Tie
   26 of 580 (trait:  4.48 %, total:  4.48 %) - Tie-Dye T-Shirt
   34 of 580 (trait:  5.86 %, total:  5.86 %) - Tux

ears (141 of 580 - 24.31 %):
  121 of 141 (trait: 85.82 %, total: 20.86 %) - Earpiece
   20 of 141 (trait: 14.18 %, total:  3.45 %) - Earpiece w Hand

mouth (178 of 580 - 30.69 %):
   23 of 178 (trait: 12.92 %, total:  3.97 %) - Bandana - Banana
   24 of 178 (trait: 13.48 %, total:  4.14 %) - Bandana - Secret
   50 of 178 (trait: 28.09 %, total:  8.62 %) - Cigar
   49 of 178 (trait: 27.53 %, total:  8.45 %) - Old Pipe
   32 of 178 (trait: 17.98 %, total:  5.52 %) - Vape


Traits Amount Rarity:
  4 traits: 183 of 580 - 31.55 %
  5 traits: 255 of 580 - 43.97 %
  6 traits: 122 of 580 - 21.03 %
  7 traits:  20 of 580 -  3.45 %


Anons Rarity Score:
    1: Ranked 556 of 580 (score:  32.08249216) - https://www.anons.army/anon/1
    2: Ranked 264 of 580 (score:  57.47346281) - https://www.anons.army/anon/2
    3: Ranked 437 of 580 (score:  41.95303627) - https://www.anons.army/anon/3
    4: Ranked 265 of 580 (score:  57.42341104) - https://www.anons.army/anon/4
    5: Ranked 463 of 580 (score:  40.16481273) - https://www.anons.army/anon/5
    6: Ranked 335 of 580 (score:  51.70073260) - https://www.anons.army/anon/6
    7: Ranked 314 of 580 (score:  52.93438427) - https://www.anons.army/anon/7
    8: Ranked  22 of 580 (score: 102.02986955) - https://www.anons.army/anon/8
    9: Ranked 178 of 580 (score:  62.73268723) - https://www.anons.army/anon/9
   10: Ranked 391 of 580 (score:  46.27829983) - https://www.anons.army/anon/10
   11: Ranked 575 of 580 (score:  28.63476782) - https://www.anons.army/anon/11
   12: Ranked 286 of 580 (score:  55.90582026) - https://www.anons.army/anon/12
   13: Ranked 410 of 580 (score:  45.02187065) - https://www.anons.army/anon/13
   14: Ranked 228 of 580 (score:  60.06160095) - https://www.anons.army/anon/14
   15: Ranked 498 of 580 (score:  36.46383186) - https://www.anons.army/anon/15
   16: Ranked 316 of 580 (score:  52.79514144) - https://www.anons.army/anon/16
   17: Ranked   2 of 580 (score: 367.22426314) - https://www.anons.army/anon/17
   18: Ranked 576 of 580 (score:  28.54197656) - https://www.anons.army/anon/18
   19: Ranked 329 of 580 (score:  51.94289843) - https://www.anons.army/anon/19
   20: Ranked 544 of 580 (score:  33.65314244) - https://www.anons.army/anon/20
   21: Ranked  81 of 580 (score:  73.56209203) - https://www.anons.army/anon/21
   22: Ranked  62 of 580 (score:  77.47135074) - https://www.anons.army/anon/22
   23: Ranked 238 of 580 (score:  59.08804281) - https://www.anons.army/anon/23
   24: Ranked 431 of 580 (score:  42.47711776) - https://www.anons.army/anon/24
   25: Ranked 545 of 580 (score:  33.63601588) - https://www.anons.army/anon/25
   26: Ranked 574 of 580 (score:  28.73595698) - https://www.anons.army/anon/26
   27: Ranked 226 of 580 (score:  60.29021611) - https://www.anons.army/anon/27
   28: Ranked 403 of 580 (score:  45.37707406) - https://www.anons.army/anon/28
   29: Ranked  93 of 580 (score:  71.59038625) - https://www.anons.army/anon/29
   30: Ranked 353 of 580 (score:  49.90792357) - https://www.anons.army/anon/30
   31: Ranked 209 of 580 (score:  61.03141190) - https://www.anons.army/anon/31
   32: Ranked  47 of 580 (score:  83.11208791) - https://www.anons.army/anon/32
   33: Ranked  26 of 580 (score:  95.65302643) - https://www.anons.army/anon/33
   34: Ranked 393 of 580 (score:  46.12674443) - https://www.anons.army/anon/34
   35: Ranked 232 of 580 (score:  59.41711640) - https://www.anons.army/anon/35
   36: Ranked 486 of 580 (score:  37.64829598) - https://www.anons.army/anon/36
   37: Ranked  70 of 580 (score:  75.91463198) - https://www.anons.army/anon/37
   38: Ranked   7 of 580 (score: 140.96602564) - https://www.anons.army/anon/38
   39: Ranked 527 of 580 (score:  34.86171926) - https://www.anons.army/anon/39
   40: Ranked 493 of 580 (score:  36.76464538) - https://www.anons.army/anon/40
   41: Ranked 510 of 580 (score:  35.76561754) - https://www.anons.army/anon/41
   42: Ranked 270 of 580 (score:  57.11246483) - https://www.anons.army/anon/42
   43: Ranked 317 of 580 (score:  52.70825292) - https://www.anons.army/anon/43
   44: Ranked  20 of 580 (score: 106.21696393) - https://www.anons.army/anon/44
   45: Ranked 208 of 580 (score:  61.05967818) - https://www.anons.army/anon/45
   46: Ranked 363 of 580 (score:  48.33565998) - https://www.anons.army/anon/46
   47: Ranked 111 of 580 (score:  69.67696032) - https://www.anons.army/anon/47
   48: Ranked 215 of 580 (score:  60.84046325) - https://www.anons.army/anon/48
   49: Ranked 564 of 580 (score:  30.94677908) - https://www.anons.army/anon/49
   50: Ranked 548 of 580 (score:  33.11392392) - https://www.anons.army/anon/50
   51: Ranked 251 of 580 (score:  58.16057228) - https://www.anons.army/anon/51
   52: Ranked 457 of 580 (score:  40.54374073) - https://www.anons.army/anon/52
   53: Ranked 443 of 580 (score:  41.44714209) - https://www.anons.army/anon/53
   54: Ranked 173 of 580 (score:  62.98288156) - https://www.anons.army/anon/54
   55: Ranked 284 of 580 (score:  56.12446833) - https://www.anons.army/anon/55
   56: Ranked 494 of 580 (score:  36.64563775) - https://www.anons.army/anon/56
   57: Ranked 488 of 580 (score:  37.36941640) - https://www.anons.army/anon/57
   58: Ranked 176 of 580 (score:  62.76055460) - https://www.anons.army/anon/58
   59: Ranked 159 of 580 (score:  64.24639050) - https://www.anons.army/anon/59
   60: Ranked 346 of 580 (score:  50.79390808) - https://www.anons.army/anon/60
   61: Ranked 447 of 580 (score:  41.26080668) - https://www.anons.army/anon/61
   62: Ranked 482 of 580 (score:  38.60777990) - https://www.anons.army/anon/62
   63: Ranked 497 of 580 (score:  36.47058860) - https://www.anons.army/anon/63
   64: Ranked  96 of 580 (score:  71.07909699) - https://www.anons.army/anon/64
   65: Ranked 535 of 580 (score:  34.37137650) - https://www.anons.army/anon/65
   66: Ranked 216 of 580 (score:  60.81270903) - https://www.anons.army/anon/66
   67: Ranked 522 of 580 (score:  35.06296088) - https://www.anons.army/anon/67
   68: Ranked  29 of 580 (score:  94.01664623) - https://www.anons.army/anon/68
   69: Ranked 219 of 580 (score:  60.73064777) - https://www.anons.army/anon/69
   70: Ranked 257 of 580 (score:  57.79379444) - https://www.anons.army/anon/70
   71: Ranked   8 of 580 (score: 137.23387664) - https://www.anons.army/anon/71
   72: Ranked 132 of 580 (score:  66.72790530) - https://www.anons.army/anon/72
   73: Ranked  10 of 580 (score: 129.85501672) - https://www.anons.army/anon/73
   74: Ranked 470 of 580 (score:  39.60975067) - https://www.anons.army/anon/74
   75: Ranked 417 of 580 (score:  44.48002667) - https://www.anons.army/anon/75
   76: Ranked  63 of 580 (score:  77.37905124) - https://www.anons.army/anon/76
   77: Ranked 312 of 580 (score:  53.42556633) - https://www.anons.army/anon/77
   78: Ranked 489 of 580 (score:  37.17696824) - https://www.anons.army/anon/78
   79: Ranked 373 of 580 (score:  47.45222887) - https://www.anons.army/anon/79
   80: Ranked 299 of 580 (score:  54.78986183) - https://www.anons.army/anon/80
   81: Ranked 304 of 580 (score:  54.45076006) - https://www.anons.army/anon/81
   82: Ranked 306 of 580 (score:  54.33723419) - https://www.anons.army/anon/82
   83: Ranked 360 of 580 (score:  49.07177908) - https://www.anons.army/anon/83
   84: Ranked  46 of 580 (score:  83.40600879) - https://www.anons.army/anon/84
   85: Ranked 300 of 580 (score:  54.77068013) - https://www.anons.army/anon/85
   86: Ranked 287 of 580 (score:  55.87377173) - https://www.anons.army/anon/86
   87: Ranked  21 of 580 (score: 102.29565626) - https://www.anons.army/anon/87
   88: Ranked 283 of 580 (score:  56.15649785) - https://www.anons.army/anon/88
   89: Ranked 540 of 580 (score:  34.09929628) - https://www.anons.army/anon/89
   90: Ranked 505 of 580 (score:  35.97555700) - https://www.anons.army/anon/90
   91: Ranked 246 of 580 (score:  58.40359604) - https://www.anons.army/anon/91
   92: Ranked 460 of 580 (score:  40.40307504) - https://www.anons.army/anon/92
   93: Ranked 480 of 580 (score:  38.63406949) - https://www.anons.army/anon/93
   94: Ranked 109 of 580 (score:  69.74418666) - https://www.anons.army/anon/94
   95: Ranked 210 of 580 (score:  61.00685529) - https://www.anons.army/anon/95
   96: Ranked 400 of 580 (score:  45.81698253) - https://www.anons.army/anon/96
   97: Ranked 507 of 580 (score:  35.90261590) - https://www.anons.army/anon/97
   98: Ranked 371 of 580 (score:  47.49412103) - https://www.anons.army/anon/98
   99: Ranked 261 of 580 (score:  57.57602887) - https://www.anons.army/anon/99
  100: Ranked 508 of 580 (score:  35.87820513) - https://www.anons.army/anon/100
  101: Ranked 451 of 580 (score:  40.98575499) - https://www.anons.army/anon/101
  102: Ranked  25 of 580 (score:  99.04066346) - https://www.anons.army/anon/102
  103: Ranked 405 of 580 (score:  45.26851918) - https://www.anons.army/anon/103
  104: Ranked 499 of 580 (score:  36.34686455) - https://www.anons.army/anon/104
  105: Ranked 331 of 580 (score:  51.90406162) - https://www.anons.army/anon/105
  106: Ranked 511 of 580 (score:  35.68209610) - https://www.anons.army/anon/106
  107: Ranked 386 of 580 (score:  46.66268548) - https://www.anons.army/anon/107
  108: Ranked 309 of 580 (score:  54.07628369) - https://www.anons.army/anon/108
  109: Ranked 145 of 580 (score:  65.70454921) - https://www.anons.army/anon/109
  110: Ranked 491 of 580 (score:  37.02199683) - https://www.anons.army/anon/110
  111: Ranked  35 of 580 (score:  92.28683490) - https://www.anons.army/anon/111
  112: Ranked  23 of 580 (score: 101.74373615) - https://www.anons.army/anon/112
  113: Ranked 157 of 580 (score:  64.35309982) - https://www.anons.army/anon/113
  114: Ranked 555 of 580 (score:  32.10283277) - https://www.anons.army/anon/114
  115: Ranked  59 of 580 (score:  78.09734565) - https://www.anons.army/anon/115
  116: Ranked 207 of 580 (score:  61.17264957) - https://www.anons.army/anon/116
  117: Ranked 341 of 580 (score:  51.26000989) - https://www.anons.army/anon/117
  118: Ranked 149 of 580 (score:  65.24594880) - https://www.anons.army/anon/118
  119: Ranked 414 of 580 (score:  44.84423249) - https://www.anons.army/anon/119
  120: Ranked 337 of 580 (score:  51.49794920) - https://www.anons.army/anon/120
  121: Ranked  39 of 580 (score:  89.78408748) - https://www.anons.army/anon/121
  122: Ranked 200 of 580 (score:  61.54737935) - https://www.anons.army/anon/122
  123: Ranked 118 of 580 (score:  69.02714911) - https://www.anons.army/anon/123
  124: Ranked 348 of 580 (score:  50.71354629) - https://www.anons.army/anon/124
  125: Ranked 495 of 580 (score:  36.60759259) - https://www.anons.army/anon/125
  126: Ranked 313 of 580 (score:  53.40568808) - https://www.anons.army/anon/126
  127: Ranked 240 of 580 (score:  58.96194546) - https://www.anons.army/anon/127
  128: Ranked 468 of 580 (score:  39.68236715) - https://www.anons.army/anon/128
  129: Ranked 305 of 580 (score:  54.42523786) - https://www.anons.army/anon/129
  130: Ranked 552 of 580 (score:  32.45893594) - https://www.anons.army/anon/130
  131: Ranked 130 of 580 (score:  66.90601655) - https://www.anons.army/anon/131
  132: Ranked  16 of 580 (score: 116.71685393) - https://www.anons.army/anon/132
  133: Ranked 320 of 580 (score:  52.49863956) - https://www.anons.army/anon/133
  134: Ranked 285 of 580 (score:  55.92414530) - https://www.anons.army/anon/134
  135: Ranked 171 of 580 (score:  63.18759318) - https://www.anons.army/anon/135
  136: Ranked 301 of 580 (score:  54.67810156) - https://www.anons.army/anon/136
  137: Ranked 110 of 580 (score:  69.70320692) - https://www.anons.army/anon/137
  138: Ranked 492 of 580 (score:  36.84015059) - https://www.anons.army/anon/138
  139: Ranked 292 of 580 (score:  55.51268719) - https://www.anons.army/anon/139
  140: Ranked 513 of 580 (score:  35.59262356) - https://www.anons.army/anon/140
  141: Ranked  48 of 580 (score:  82.55323902) - https://www.anons.army/anon/141
  142: Ranked 179 of 580 (score:  62.70573165) - https://www.anons.army/anon/142
  143: Ranked   1 of 580 (score: 696.99084559) - https://www.anons.army/anon/143
  144: Ranked 536 of 580 (score:  34.28986991) - https://www.anons.army/anon/144
  145: Ranked 323 of 580 (score:  52.41557239) - https://www.anons.army/anon/145
  146: Ranked 180 of 580 (score:  62.60845556) - https://www.anons.army/anon/146
  147: Ranked  28 of 580 (score:  94.11798588) - https://www.anons.army/anon/147
  148: Ranked 561 of 580 (score:  31.50499429) - https://www.anons.army/anon/148
  149: Ranked 255 of 580 (score:  57.92098969) - https://www.anons.army/anon/149
  150: Ranked 572 of 580 (score:  28.95745842) - https://www.anons.army/anon/150
  151: Ranked 525 of 580 (score:  34.91454053) - https://www.anons.army/anon/151
  152: Ranked 318 of 580 (score:  52.68819582) - https://www.anons.army/anon/152
  153: Ranked  11 of 580 (score: 129.38131114) - https://www.anons.army/anon/153
  154: Ranked 368 of 580 (score:  47.81527682) - https://www.anons.army/anon/154
  155: Ranked 244 of 580 (score:  58.57499445) - https://www.anons.army/anon/155
  156: Ranked 351 of 580 (score:  50.24486666) - https://www.anons.army/anon/156
  157: Ranked 220 of 580 (score:  60.67508475) - https://www.anons.army/anon/157
  158: Ranked 262 of 580 (score:  57.54091416) - https://www.anons.army/anon/158
  159: Ranked 146 of 580 (score:  65.61602166) - https://www.anons.army/anon/159
  160: Ranked 369 of 580 (score:  47.65341815) - https://www.anons.army/anon/160
  161: Ranked 319 of 580 (score:  52.60197686) - https://www.anons.army/anon/161
  162: Ranked 358 of 580 (score:  49.19281213) - https://www.anons.army/anon/162
  163: Ranked 370 of 580 (score:  47.59377538) - https://www.anons.army/anon/163
  164: Ranked  76 of 580 (score:  74.37601522) - https://www.anons.army/anon/164
  165: Ranked 446 of 580 (score:  41.30392194) - https://www.anons.army/anon/165
  166: Ranked 187 of 580 (score:  62.21515059) - https://www.anons.army/anon/166
  167: Ranked 250 of 580 (score:  58.24861823) - https://www.anons.army/anon/167
  168: Ranked 352 of 580 (score:  50.05970382) - https://www.anons.army/anon/168
  169: Ranked 293 of 580 (score:  55.49304029) - https://www.anons.army/anon/169
  170: Ranked 151 of 580 (score:  64.82628204) - https://www.anons.army/anon/170
  171: Ranked 184 of 580 (score:  62.35293491) - https://www.anons.army/anon/171
  172: Ranked 407 of 580 (score:  45.13064370) - https://www.anons.army/anon/172
  173: Ranked  17 of 580 (score: 114.13081405) - https://www.anons.army/anon/173
  174: Ranked 345 of 580 (score:  50.82410668) - https://www.anons.army/anon/174
  175: Ranked  73 of 580 (score:  74.83574661) - https://www.anons.army/anon/175
  176: Ranked 160 of 580 (score:  64.22407199) - https://www.anons.army/anon/176
  177: Ranked 432 of 580 (score:  42.34706035) - https://www.anons.army/anon/177
  178: Ranked 384 of 580 (score:  46.70863059) - https://www.anons.army/anon/178
  179: Ranked 539 of 580 (score:  34.11467302) - https://www.anons.army/anon/179
  180: Ranked 534 of 580 (score:  34.47723894) - https://www.anons.army/anon/180
  181: Ranked 303 of 580 (score:  54.59274740) - https://www.anons.army/anon/181
  182: Ranked 378 of 580 (score:  47.05455686) - https://www.anons.army/anon/182
  183: Ranked 376 of 580 (score:  47.18616497) - https://www.anons.army/anon/183
  184: Ranked 571 of 580 (score:  29.01615022) - https://www.anons.army/anon/184
  185: Ranked 385 of 580 (score:  46.68796039) - https://www.anons.army/anon/185
  186: Ranked 397 of 580 (score:  45.93258257) - https://www.anons.army/anon/186
  187: Ranked 201 of 580 (score:  61.48892800) - https://www.anons.army/anon/187
  188: Ranked 308 of 580 (score:  54.11062931) - https://www.anons.army/anon/188
  189: Ranked 554 of 580 (score:  32.10635012) - https://www.anons.army/anon/189
  190: Ranked 269 of 580 (score:  57.13678930) - https://www.anons.army/anon/190
  191: Ranked 411 of 580 (score:  45.02187065) - https://www.anons.army/anon/191
  192: Ranked 152 of 580 (score:  64.75542071) - https://www.anons.army/anon/192
  193: Ranked 426 of 580 (score:  43.04276159) - https://www.anons.army/anon/193
  194: Ranked 163 of 580 (score:  63.92137614) - https://www.anons.army/anon/194
  195: Ranked 229 of 580 (score:  59.98707881) - https://www.anons.army/anon/195
  196: Ranked 106 of 580 (score:  70.08713082) - https://www.anons.army/anon/196
  197: Ranked  36 of 580 (score:  92.23521004) - https://www.anons.army/anon/197
  198: Ranked 271 of 580 (score:  56.98287302) - https://www.anons.army/anon/198
  199: Ranked 517 of 580 (score:  35.34602492) - https://www.anons.army/anon/199
  200: Ranked 452 of 580 (score:  40.86347655) - https://www.anons.army/anon/200
  201: Ranked 199 of 580 (score:  61.54943529) - https://www.anons.army/anon/201
  202: Ranked 419 of 580 (score:  44.32922377) - https://www.anons.army/anon/202
  203: Ranked 339 of 580 (score:  51.41331963) - https://www.anons.army/anon/203
  204: Ranked 183 of 580 (score:  62.38274617) - https://www.anons.army/anon/204
  205: Ranked  80 of 580 (score:  73.57297808) - https://www.anons.army/anon/205
  206: Ranked 456 of 580 (score:  40.64826921) - https://www.anons.army/anon/206
  207: Ranked  31 of 580 (score:  93.56172608) - https://www.anons.army/anon/207
  208: Ranked 387 of 580 (score:  46.60390086) - https://www.anons.army/anon/208
  209: Ranked 297 of 580 (score:  55.05504118) - https://www.anons.army/anon/209
  210: Ranked 196 of 580 (score:  61.81040739) - https://www.anons.army/anon/210
  211: Ranked 272 of 580 (score:  56.89004652) - https://www.anons.army/anon/211
  212: Ranked 435 of 580 (score:  42.03706800) - https://www.anons.army/anon/212
  213: Ranked 174 of 580 (score:  62.92877559) - https://www.anons.army/anon/213
  214: Ranked 108 of 580 (score:  69.95908600) - https://www.anons.army/anon/214
  215: Ranked 177 of 580 (score:  62.74788979) - https://www.anons.army/anon/215
  216: Ranked 558 of 580 (score:  31.87993488) - https://www.anons.army/anon/216
  217: Ranked 394 of 580 (score:  46.06444117) - https://www.anons.army/anon/217
  218: Ranked 133 of 580 (score:  66.69522839) - https://www.anons.army/anon/218
  219: Ranked 141 of 580 (score:  66.39263519) - https://www.anons.army/anon/219
  220: Ranked 560 of 580 (score:  31.53095329) - https://www.anons.army/anon/220
  221: Ranked 465 of 580 (score:  39.91784210) - https://www.anons.army/anon/221
  222: Ranked 236 of 580 (score:  59.20276238) - https://www.anons.army/anon/222
  223: Ranked 321 of 580 (score:  52.49559757) - https://www.anons.army/anon/223
  224: Ranked 459 of 580 (score:  40.44262745) - https://www.anons.army/anon/224
  225: Ranked 401 of 580 (score:  45.63798768) - https://www.anons.army/anon/225
  226: Ranked 212 of 580 (score:  60.90058380) - https://www.anons.army/anon/226
  227: Ranked   6 of 580 (score: 161.06507937) - https://www.anons.army/anon/227
  228: Ranked 186 of 580 (score:  62.28421284) - https://www.anons.army/anon/228
  229: Ranked  88 of 580 (score:  72.33804670) - https://www.anons.army/anon/229
  230: Ranked 121 of 580 (score:  68.04834910) - https://www.anons.army/anon/230
  231: Ranked 515 of 580 (score:  35.46059466) - https://www.anons.army/anon/231
  232: Ranked 154 of 580 (score:  64.67291703) - https://www.anons.army/anon/232
  233: Ranked 476 of 580 (score:  39.25054503) - https://www.anons.army/anon/233
  234: Ranked 469 of 580 (score:  39.67351489) - https://www.anons.army/anon/234
  235: Ranked 268 of 580 (score:  57.29772080) - https://www.anons.army/anon/235
  236: Ranked 185 of 580 (score:  62.33214421) - https://www.anons.army/anon/236
  237: Ranked 101 of 580 (score:  70.62614416) - https://www.anons.army/anon/237
  238: Ranked 367 of 580 (score:  47.87491958) - https://www.anons.army/anon/238
  239: Ranked 475 of 580 (score:  39.28232699) - https://www.anons.army/anon/239
  240: Ranked 356 of 580 (score:  49.65886288) - https://www.anons.army/anon/240
  241: Ranked 568 of 580 (score:  30.34475061) - https://www.anons.army/anon/241
  242: Ranked 504 of 580 (score:  36.07381481) - https://www.anons.army/anon/242
  243: Ranked 364 of 580 (score:  48.33565998) - https://www.anons.army/anon/243
  244: Ranked 119 of 580 (score:  68.89801493) - https://www.anons.army/anon/244
  245: Ranked 277 of 580 (score:  56.59903382) - https://www.anons.army/anon/245
  246: Ranked 311 of 580 (score:  53.56007777) - https://www.anons.army/anon/246
  247: Ranked 205 of 580 (score:  61.19404178) - https://www.anons.army/anon/247
  248: Ranked  18 of 580 (score: 112.11961631) - https://www.anons.army/anon/248
  249: Ranked 253 of 580 (score:  58.01615022) - https://www.anons.army/anon/249
  250: Ranked 280 of 580 (score:  56.45970696) - https://www.anons.army/anon/250
  251: Ranked 142 of 580 (score:  66.15194686) - https://www.anons.army/anon/251
  252: Ranked 577 of 580 (score:  28.19673846) - https://www.anons.army/anon/252
  253: Ranked 570 of 580 (score:  29.11509909) - https://www.anons.army/anon/253
  254: Ranked 477 of 580 (score:  39.18090243) - https://www.anons.army/anon/254
  255: Ranked 156 of 580 (score:  64.36182336) - https://www.anons.army/anon/255
  256: Ranked 137 of 580 (score:  66.52692374) - https://www.anons.army/anon/256
  257: Ranked 150 of 580 (score:  64.90651651) - https://www.anons.army/anon/257
  258: Ranked 243 of 580 (score:  58.59487179) - https://www.anons.army/anon/258
  259: Ranked 192 of 580 (score:  61.96744738) - https://www.anons.army/anon/259
  260: Ranked 530 of 580 (score:  34.81636224) - https://www.anons.army/anon/260
  261: Ranked 136 of 580 (score:  66.57546238) - https://www.anons.army/anon/261
  262: Ranked 194 of 580 (score:  61.89851755) - https://www.anons.army/anon/262
  263: Ranked 237 of 580 (score:  59.14940113) - https://www.anons.army/anon/263
  264: Ranked 412 of 580 (score:  44.92338195) - https://www.anons.army/anon/264
  265: Ranked  67 of 580 (score:  76.30445785) - https://www.anons.army/anon/265
  266: Ranked  66 of 580 (score:  76.47640072) - https://www.anons.army/anon/266
  267: Ranked  33 of 580 (score:  93.35983015) - https://www.anons.army/anon/267
  268: Ranked 474 of 580 (score:  39.29066844) - https://www.anons.army/anon/268
  269: Ranked 169 of 580 (score:  63.38645809) - https://www.anons.army/anon/269
  270: Ranked 429 of 580 (score:  42.60589017) - https://www.anons.army/anon/270
  271: Ranked 143 of 580 (score:  65.81746042) - https://www.anons.army/anon/271
  272: Ranked 131 of 580 (score:  66.82977854) - https://www.anons.army/anon/272
  273: Ranked 440 of 580 (score:  41.81283770) - https://www.anons.army/anon/273
  274: Ranked 458 of 580 (score:  40.53462158) - https://www.anons.army/anon/274
  275: Ranked 448 of 580 (score:  41.15831793) - https://www.anons.army/anon/275
  276: Ranked 289 of 580 (score:  55.76095489) - https://www.anons.army/anon/276
  277: Ranked 214 of 580 (score:  60.86862603) - https://www.anons.army/anon/277
  278: Ranked 542 of 580 (score:  33.99390561) - https://www.anons.army/anon/278
  279: Ranked 425 of 580 (score:  43.54084351) - https://www.anons.army/anon/279
  280: Ranked 115 of 580 (score:  69.17809365) - https://www.anons.army/anon/280
  281: Ranked 479 of 580 (score:  38.90426578) - https://www.anons.army/anon/281
  282: Ranked 204 of 580 (score:  61.22790530) - https://www.anons.army/anon/282
  283: Ranked 302 of 580 (score:  54.60232402) - https://www.anons.army/anon/283
  284: Ranked 138 of 580 (score:  66.46414738) - https://www.anons.army/anon/284
  285: Ranked 281 of 580 (score:  56.40224034) - https://www.anons.army/anon/285
  286: Ranked  97 of 580 (score:  71.05309365) - https://www.anons.army/anon/286
  287: Ranked 361 of 580 (score:  49.00647672) - https://www.anons.army/anon/287
  288: Ranked  71 of 580 (score:  75.25022265) - https://www.anons.army/anon/288
  289: Ranked 162 of 580 (score:  63.98868141) - https://www.anons.army/anon/289
  290: Ranked 258 of 580 (score:  57.77136553) - https://www.anons.army/anon/290
  291: Ranked 413 of 580 (score:  44.86107529) - https://www.anons.army/anon/291
  292: Ranked 464 of 580 (score:  39.98619866) - https://www.anons.army/anon/292
  293: Ranked 328 of 580 (score:  51.97914471) - https://www.anons.army/anon/293
  294: Ranked 298 of 580 (score:  54.95698097) - https://www.anons.army/anon/294
  295: Ranked 398 of 580 (score:  45.91188837) - https://www.anons.army/anon/295
  296: Ranked 123 of 580 (score:  67.92528588) - https://www.anons.army/anon/296
  297: Ranked 478 of 580 (score:  39.02777788) - https://www.anons.army/anon/297
  298: Ranked 473 of 580 (score:  39.53726708) - https://www.anons.army/anon/298
  299: Ranked 424 of 580 (score:  43.58421355) - https://www.anons.army/anon/299
  300: Ranked   3 of 580 (score: 340.54840515) - https://www.anons.army/anon/300
  301: Ranked 388 of 580 (score:  46.51949830) - https://www.anons.army/anon/301
  302: Ranked 107 of 580 (score:  70.01321786) - https://www.anons.army/anon/302
  303: Ranked 406 of 580 (score:  45.16675249) - https://www.anons.army/anon/303
  304: Ranked 325 of 580 (score:  52.26975519) - https://www.anons.army/anon/304
  305: Ranked  77 of 580 (score:  74.36417870) - https://www.anons.army/anon/305
  306: Ranked  89 of 580 (score:  72.26142698) - https://www.anons.army/anon/306
  307: Ranked  75 of 580 (score:  74.72008481) - https://www.anons.army/anon/307
  308: Ranked 543 of 580 (score:  33.81910305) - https://www.anons.army/anon/308
  309: Ranked 553 of 580 (score:  32.14172176) - https://www.anons.army/anon/309
  310: Ranked 362 of 580 (score:  48.85232437) - https://www.anons.army/anon/310
  311: Ranked 520 of 580 (score:  35.14346764) - https://www.anons.army/anon/311
  312: Ranked  61 of 580 (score:  77.89797332) - https://www.anons.army/anon/312
  313: Ranked 462 of 580 (score:  40.24633807) - https://www.anons.army/anon/313
  314: Ranked 189 of 580 (score:  62.12458567) - https://www.anons.army/anon/314
  315: Ranked  91 of 580 (score:  71.81542532) - https://www.anons.army/anon/315
  316: Ranked  40 of 580 (score:  88.52370490) - https://www.anons.army/anon/316
  317: Ranked 509 of 580 (score:  35.81498499) - https://www.anons.army/anon/317
  318: Ranked 529 of 580 (score:  34.83972182) - https://www.anons.army/anon/318
  319: Ranked 524 of 580 (score:  34.95606567) - https://www.anons.army/anon/319
  320: Ranked  72 of 580 (score:  74.99236326) - https://www.anons.army/anon/320
  321: Ranked 218 of 580 (score:  60.80874281) - https://www.anons.army/anon/321
  322: Ranked 390 of 580 (score:  46.29392516) - https://www.anons.army/anon/322
  323: Ranked 533 of 580 (score:  34.49230224) - https://www.anons.army/anon/323
  324: Ranked 549 of 580 (score:  33.04605660) - https://www.anons.army/anon/324
  325: Ranked 231 of 580 (score:  59.61349315) - https://www.anons.army/anon/325
  326: Ranked 241 of 580 (score:  58.75734854) - https://www.anons.army/anon/326
  327: Ranked 135 of 580 (score:  66.60874281) - https://www.anons.army/anon/327
  328: Ranked 203 of 580 (score:  61.26110273) - https://www.anons.army/anon/328
  329: Ranked 327 of 580 (score:  52.00147270) - https://www.anons.army/anon/329
  330: Ranked 340 of 580 (score:  51.39485451) - https://www.anons.army/anon/330
  331: Ranked 333 of 580 (score:  51.81243980) - https://www.anons.army/anon/331
  332: Ranked 531 of 580 (score:  34.70983525) - https://www.anons.army/anon/332
  333: Ranked 546 of 580 (score:  33.54775177) - https://www.anons.army/anon/333
  334: Ranked 166 of 580 (score:  63.79527880) - https://www.anons.army/anon/334
  335: Ranked 213 of 580 (score:  60.88932835) - https://www.anons.army/anon/335
  336: Ranked 567 of 580 (score:  30.50215867) - https://www.anons.army/anon/336
  337: Ranked 233 of 580 (score:  59.37226962) - https://www.anons.army/anon/337
  338: Ranked  13 of 580 (score: 118.09857550) - https://www.anons.army/anon/338
  339: Ranked  56 of 580 (score:  78.76162139) - https://www.anons.army/anon/339
  340: Ranked 359 of 580 (score:  49.13421900) - https://www.anons.army/anon/340
  341: Ranked 466 of 580 (score:  39.90656352) - https://www.anons.army/anon/341
  342: Ranked 541 of 580 (score:  34.04341110) - https://www.anons.army/anon/342
  343: Ranked 523 of 580 (score:  35.05426504) - https://www.anons.army/anon/343
  344: Ranked  69 of 580 (score:  75.97863064) - https://www.anons.army/anon/344
  345: Ranked  34 of 580 (score:  92.47587025) - https://www.anons.army/anon/345
  346: Ranked 347 of 580 (score:  50.78712875) - https://www.anons.army/anon/346
  347: Ranked  53 of 580 (score:  79.16249621) - https://www.anons.army/anon/347
  348: Ranked 395 of 580 (score:  46.01712056) - https://www.anons.army/anon/348
  349: Ranked 532 of 580 (score:  34.68243717) - https://www.anons.army/anon/349
  350: Ranked 191 of 580 (score:  62.03686660) - https://www.anons.army/anon/350
  351: Ranked  85 of 580 (score:  73.14916565) - https://www.anons.army/anon/351
  352: Ranked 249 of 580 (score:  58.35346641) - https://www.anons.army/anon/352
  353: Ranked 260 of 580 (score:  57.62862953) - https://www.anons.army/anon/353
  354: Ranked 496 of 580 (score:  36.51325848) - https://www.anons.army/anon/354
  355: Ranked 402 of 580 (score:  45.52522265) - https://www.anons.army/anon/355
  356: Ranked 483 of 580 (score:  38.33950978) - https://www.anons.army/anon/356
  357: Ranked   9 of 580 (score: 135.97777778) - https://www.anons.army/anon/357
  358: Ranked  24 of 580 (score: 100.60298190) - https://www.anons.army/anon/358
  359: Ranked 436 of 580 (score:  41.98223426) - https://www.anons.army/anon/359
  360: Ranked 343 of 580 (score:  51.08077259) - https://www.anons.army/anon/360
  361: Ranked 242 of 580 (score:  58.74595092) - https://www.anons.army/anon/361
  362: Ranked 116 of 580 (score:  69.17809365) - https://www.anons.army/anon/362
  363: Ranked 114 of 580 (score:  69.19842467) - https://www.anons.army/anon/363
  364: Ranked 254 of 580 (score:  57.98879097) - https://www.anons.army/anon/364
  365: Ranked 334 of 580 (score:  51.72575558) - https://www.anons.army/anon/365
  366: Ranked  94 of 580 (score:  71.52848298) - https://www.anons.army/anon/366
  367: Ranked  90 of 580 (score:  71.95740532) - https://www.anons.army/anon/367
  368: Ranked 357 of 580 (score:  49.19450760) - https://www.anons.army/anon/368
  369: Ranked 415 of 580 (score:  44.73885650) - https://www.anons.army/anon/369
  370: Ranked 274 of 580 (score:  56.69418208) - https://www.anons.army/anon/370
  371: Ranked 389 of 580 (score:  46.46683853) - https://www.anons.army/anon/371
  372: Ranked 550 of 580 (score:  32.84188034) - https://www.anons.army/anon/372
  373: Ranked 503 of 580 (score:  36.20531805) - https://www.anons.army/anon/373
  374: Ranked  78 of 580 (score:  74.22601144) - https://www.anons.army/anon/374
  375: Ranked  68 of 580 (score:  76.03609706) - https://www.anons.army/anon/375
  376: Ranked  49 of 580 (score:  81.68971769) - https://www.anons.army/anon/376
  377: Ranked 140 of 580 (score:  66.41708630) - https://www.anons.army/anon/377
  378: Ranked 102 of 580 (score:  70.54683820) - https://www.anons.army/anon/378
  379: Ranked  60 of 580 (score:  78.00207406) - https://www.anons.army/anon/379
  380: Ranked 422 of 580 (score:  43.92411569) - https://www.anons.army/anon/380
  381: Ranked 295 of 580 (score:  55.17890660) - https://www.anons.army/anon/381
  382: Ranked 501 of 580 (score:  36.25575023) - https://www.anons.army/anon/382
  383: Ranked 227 of 580 (score:  60.13548554) - https://www.anons.army/anon/383
  384: Ranked 349 of 580 (score:  50.34956219) - https://www.anons.army/anon/384
  385: Ranked 100 of 580 (score:  70.81204609) - https://www.anons.army/anon/385
  386: Ranked  74 of 580 (score:  74.74378802) - https://www.anons.army/anon/386
  387: Ranked 559 of 580 (score:  31.69754633) - https://www.anons.army/anon/387
  388: Ranked 454 of 580 (score:  40.67508475) - https://www.anons.army/anon/388
  389: Ranked 441 of 580 (score:  41.63081405) - https://www.anons.army/anon/389
  390: Ranked  87 of 580 (score:  73.00549098) - https://www.anons.army/anon/390
  391: Ranked 471 of 580 (score:  39.57086168) - https://www.anons.army/anon/391
  392: Ranked 190 of 580 (score:  62.09357238) - https://www.anons.army/anon/392
  393: Ranked 573 of 580 (score:  28.82216979) - https://www.anons.army/anon/393
  394: Ranked 377 of 580 (score:  47.06450956) - https://www.anons.army/anon/394
  395: Ranked 310 of 580 (score:  53.75245844) - https://www.anons.army/anon/395
  396: Ranked 198 of 580 (score:  61.67972165) - https://www.anons.army/anon/396
  397: Ranked 104 of 580 (score:  70.39053024) - https://www.anons.army/anon/397
  398: Ranked 418 of 580 (score:  44.40942206) - https://www.anons.army/anon/398
  399: Ranked  30 of 580 (score:  93.63895421) - https://www.anons.army/anon/399
  400: Ranked 134 of 580 (score:  66.63066269) - https://www.anons.army/anon/400
  401: Ranked 578 of 580 (score:  27.79337518) - https://www.anons.army/anon/401
  402: Ranked 472 of 580 (score:  39.55836837) - https://www.anons.army/anon/402
  403: Ranked 563 of 580 (score:  30.96577577) - https://www.anons.army/anon/403
  404: Ranked 381 of 580 (score:  46.87234128) - https://www.anons.army/anon/404
  405: Ranked  52 of 580 (score:  79.24988213) - https://www.anons.army/anon/405
  406: Ranked 148 of 580 (score:  65.25575023) - https://www.anons.army/anon/406
  407: Ranked 290 of 580 (score:  55.66454481) - https://www.anons.army/anon/407
  408: Ranked 444 of 580 (score:  41.38941077) - https://www.anons.army/anon/408
  409: Ranked 275 of 580 (score:  56.65331183) - https://www.anons.army/anon/409
  410: Ranked 330 of 580 (score:  51.91366639) - https://www.anons.army/anon/410
  411: Ranked 326 of 580 (score:  52.07799160) - https://www.anons.army/anon/411
  412: Ranked 380 of 580 (score:  46.91946369) - https://www.anons.army/anon/412
  413: Ranked 580 of 580 (score:  26.76261140) - https://www.anons.army/anon/413
  414: Ranked 485 of 580 (score:  38.08142262) - https://www.anons.army/anon/414
  415: Ranked 514 of 580 (score:  35.58962149) - https://www.anons.army/anon/415
  416: Ranked  65 of 580 (score:  76.97707406) - https://www.anons.army/anon/416
  417: Ranked 324 of 580 (score:  52.37139671) - https://www.anons.army/anon/417
  418: Ranked 487 of 580 (score:  37.60045715) - https://www.anons.army/anon/418
  419: Ranked 112 of 580 (score:  69.53466202) - https://www.anons.army/anon/419
  420: Ranked 129 of 580 (score:  66.91414892) - https://www.anons.army/anon/420
  421: Ranked 266 of 580 (score:  57.40475265) - https://www.anons.army/anon/421
  422: Ranked 565 of 580 (score:  30.90972348) - https://www.anons.army/anon/422
  423: Ranked  55 of 580 (score:  78.85201976) - https://www.anons.army/anon/423
  424: Ranked 120 of 580 (score:  68.86055953) - https://www.anons.army/anon/424
  425: Ranked 221 of 580 (score:  60.61011510) - https://www.anons.army/anon/425
  426: Ranked 273 of 580 (score:  56.72238559) - https://www.anons.army/anon/426
  427: Ranked  54 of 580 (score:  79.06176127) - https://www.anons.army/anon/427
  428: Ranked  84 of 580 (score:  73.15653534) - https://www.anons.army/anon/428
  429: Ranked 338 of 580 (score:  51.45796994) - https://www.anons.army/anon/429
  430: Ranked 195 of 580 (score:  61.84430672) - https://www.anons.army/anon/430
  431: Ranked 404 of 580 (score:  45.29827316) - https://www.anons.army/anon/431
  432: Ranked  98 of 580 (score:  70.93785554) - https://www.anons.army/anon/432
  433: Ranked 223 of 580 (score:  60.55414187) - https://www.anons.army/anon/433
  434: Ranked 276 of 580 (score:  56.63380138) - https://www.anons.army/anon/434
  435: Ranked 247 of 580 (score:  58.38412709) - https://www.anons.army/anon/435
  436: Ranked  44 of 580 (score:  85.21818714) - https://www.anons.army/anon/436
  437: Ranked 399 of 580 (score:  45.86368141) - https://www.anons.army/anon/437
  438: Ranked 516 of 580 (score:  35.46059466) - https://www.anons.army/anon/438
  439: Ranked 172 of 580 (score:  63.10246794) - https://www.anons.army/anon/439
  440: Ranked  15 of 580 (score: 117.20276238) - https://www.anons.army/anon/440
  441: Ranked 579 of 580 (score:  27.08950351) - https://www.anons.army/anon/441
  442: Ranked 288 of 580 (score:  55.84864077) - https://www.anons.army/anon/442
  443: Ranked 224 of 580 (score:  60.45664960) - https://www.anons.army/anon/443
  444: Ranked  43 of 580 (score:  86.47693170) - https://www.anons.army/anon/444
  445: Ranked 256 of 580 (score:  57.87232488) - https://www.anons.army/anon/445
  446: Ranked 382 of 580 (score:  46.83314368) - https://www.anons.army/anon/446
  447: Ranked  38 of 580 (score:  90.18675148) - https://www.anons.army/anon/447
  448: Ranked 144 of 580 (score:  65.75397575) - https://www.anons.army/anon/448
  449: Ranked 165 of 580 (score:  63.85541957) - https://www.anons.army/anon/449
  450: Ranked 434 of 580 (score:  42.05413105) - https://www.anons.army/anon/450
  451: Ranked 103 of 580 (score:  70.42717891) - https://www.anons.army/anon/451
  452: Ranked  58 of 580 (score:  78.44834092) - https://www.anons.army/anon/452
  453: Ranked 168 of 580 (score:  63.60041608) - https://www.anons.army/anon/453
  454: Ranked 197 of 580 (score:  61.79965542) - https://www.anons.army/anon/454
  455: Ranked 449 of 580 (score:  41.02407199) - https://www.anons.army/anon/455
  456: Ranked 442 of 580 (score:  41.53323766) - https://www.anons.army/anon/456
  457: Ranked 155 of 580 (score:  64.66712381) - https://www.anons.army/anon/457
  458: Ranked  57 of 580 (score:  78.70560295) - https://www.anons.army/anon/458
  459: Ranked 379 of 580 (score:  46.92299705) - https://www.anons.army/anon/459
  460: Ranked 409 of 580 (score:  45.07677172) - https://www.anons.army/anon/460
  461: Ranked 182 of 580 (score:  62.41353367) - https://www.anons.army/anon/461
  462: Ranked 322 of 580 (score:  52.42831425) - https://www.anons.army/anon/462
  463: Ranked 445 of 580 (score:  41.33903665) - https://www.anons.army/anon/463
  464: Ranked 423 of 580 (score:  43.70283277) - https://www.anons.army/anon/464
  465: Ranked 528 of 580 (score:  34.84896666) - https://www.anons.army/anon/465
  466: Ranked   5 of 580 (score: 165.43581267) - https://www.anons.army/anon/466
  467: Ranked 291 of 580 (score:  55.60700155) - https://www.anons.army/anon/467
  468: Ranked  82 of 580 (score:  73.21942904) - https://www.anons.army/anon/468
  469: Ranked  83 of 580 (score:  73.20227920) - https://www.anons.army/anon/469
  470: Ranked 252 of 580 (score:  58.12952221) - https://www.anons.army/anon/470
  471: Ranked 267 of 580 (score:  57.35282881) - https://www.anons.army/anon/471
  472: Ranked  50 of 580 (score:  80.39486062) - https://www.anons.army/anon/472
  473: Ranked  42 of 580 (score:  87.69617454) - https://www.anons.army/anon/473
  474: Ranked 117 of 580 (score:  69.10645730) - https://www.anons.army/anon/474
  475: Ranked 557 of 580 (score:  32.02443844) - https://www.anons.army/anon/475
  476: Ranked 235 of 580 (score:  59.25155756) - https://www.anons.army/anon/476
  477: Ranked  64 of 580 (score:  77.13549101) - https://www.anons.army/anon/477
  478: Ranked 332 of 580 (score:  51.84125691) - https://www.anons.army/anon/478
  479: Ranked 519 of 580 (score:  35.14642470) - https://www.anons.army/anon/479
  480: Ranked 500 of 580 (score:  36.30882009) - https://www.anons.army/anon/480
  481: Ranked 222 of 580 (score:  60.60203042) - https://www.anons.army/anon/481
  482: Ranked 416 of 580 (score:  44.48705990) - https://www.anons.army/anon/482
  483: Ranked 421 of 580 (score:  44.15697889) - https://www.anons.army/anon/483
  484: Ranked 551 of 580 (score:  32.69863752) - https://www.anons.army/anon/484
  485: Ranked 355 of 580 (score:  49.73043593) - https://www.anons.army/anon/485
  486: Ranked 239 of 580 (score:  58.97654796) - https://www.anons.army/anon/486
  487: Ranked 372 of 580 (score:  47.48838471) - https://www.anons.army/anon/487
  488: Ranked 153 of 580 (score:  64.71347324) - https://www.anons.army/anon/488
  489: Ranked  14 of 580 (score: 117.68609571) - https://www.anons.army/anon/489
  490: Ranked 344 of 580 (score:  50.87529726) - https://www.anons.army/anon/490
  491: Ranked 147 of 580 (score:  65.26314815) - https://www.anons.army/anon/491
  492: Ranked 259 of 580 (score:  57.68679953) - https://www.anons.army/anon/492
  493: Ranked 139 of 580 (score:  66.43968264) - https://www.anons.army/anon/493
  494: Ranked 467 of 580 (score:  39.85104911) - https://www.anons.army/anon/494
  495: Ranked 518 of 580 (score:  35.24143264) - https://www.anons.army/anon/495
  496: Ranked  19 of 580 (score: 107.05787992) - https://www.anons.army/anon/496
  497: Ranked 170 of 580 (score:  63.33603098) - https://www.anons.army/anon/497
  498: Ranked 206 of 580 (score:  61.19092205) - https://www.anons.army/anon/498
  499: Ranked 502 of 580 (score:  36.21207833) - https://www.anons.army/anon/499
  500: Ranked 296 of 580 (score:  55.06906589) - https://www.anons.army/anon/500
  501: Ranked 538 of 580 (score:  34.14205056) - https://www.anons.army/anon/501
  502: Ranked 526 of 580 (score:  34.91401151) - https://www.anons.army/anon/502
  503: Ranked 481 of 580 (score:  38.61045109) - https://www.anons.army/anon/503
  504: Ranked 263 of 580 (score:  57.53603098) - https://www.anons.army/anon/504
  505: Ranked 167 of 580 (score:  63.67575594) - https://www.anons.army/anon/505
  506: Ranked 453 of 580 (score:  40.71397738) - https://www.anons.army/anon/506
  507: Ranked 350 of 580 (score:  50.25294964) - https://www.anons.army/anon/507
  508: Ranked 342 of 580 (score:  51.12785464) - https://www.anons.army/anon/508
  509: Ranked  37 of 580 (score:  90.72717891) - https://www.anons.army/anon/509
  510: Ranked 125 of 580 (score:  67.34295021) - https://www.anons.army/anon/510
  511: Ranked 455 of 580 (score:  40.66051035) - https://www.anons.army/anon/511
  512: Ranked 188 of 580 (score:  62.13365458) - https://www.anons.army/anon/512
  513: Ranked 461 of 580 (score:  40.34282264) - https://www.anons.army/anon/513
  514: Ranked 365 of 580 (score:  48.13374941) - https://www.anons.army/anon/514
  515: Ranked 484 of 580 (score:  38.13281171) - https://www.anons.army/anon/515
  516: Ranked  86 of 580 (score:  73.00696636) - https://www.anons.army/anon/516
  517: Ranked 202 of 580 (score:  61.36326186) - https://www.anons.army/anon/517
  518: Ranked  79 of 580 (score:  74.21516199) - https://www.anons.army/anon/518
  519: Ranked 127 of 580 (score:  67.14418081) - https://www.anons.army/anon/519
  520: Ranked 175 of 580 (score:  62.80886064) - https://www.anons.army/anon/520
  521: Ranked 315 of 580 (score:  52.85585496) - https://www.anons.army/anon/521
  522: Ranked 392 of 580 (score:  46.17962755) - https://www.anons.army/anon/522
  523: Ranked 282 of 580 (score:  56.33672493) - https://www.anons.army/anon/523
  524: Ranked 245 of 580 (score:  58.49433726) - https://www.anons.army/anon/524
  525: Ranked 433 of 580 (score:  42.11736147) - https://www.anons.army/anon/525
  526: Ranked 562 of 580 (score:  31.48290481) - https://www.anons.army/anon/526
  527: Ranked 181 of 580 (score:  62.58456902) - https://www.anons.army/anon/527
  528: Ranked 354 of 580 (score:  49.84377767) - https://www.anons.army/anon/528
  529: Ranked 537 of 580 (score:  34.24269525) - https://www.anons.army/anon/529
  530: Ranked 375 of 580 (score:  47.25052446) - https://www.anons.army/anon/530
  531: Ranked 230 of 580 (score:  59.62698423) - https://www.anons.army/anon/531
  532: Ranked  51 of 580 (score:  80.00217391) - https://www.anons.army/anon/532
  533: Ranked 506 of 580 (score:  35.94092592) - https://www.anons.army/anon/533
  534: Ranked  41 of 580 (score:  87.91040739) - https://www.anons.army/anon/534
  535: Ranked 164 of 580 (score:  63.87118888) - https://www.anons.army/anon/535
  536: Ranked 566 of 580 (score:  30.87581946) - https://www.anons.army/anon/536
  537: Ranked 490 of 580 (score:  37.06255209) - https://www.anons.army/anon/537
  538: Ranked 438 of 580 (score:  41.88062678) - https://www.anons.army/anon/538
  539: Ranked  45 of 580 (score:  83.67509158) - https://www.anons.army/anon/539
  540: Ranked  27 of 580 (score:  94.47058860) - https://www.anons.army/anon/540
  541: Ranked 122 of 580 (score:  67.99608660) - https://www.anons.army/anon/541
  542: Ranked 248 of 580 (score:  58.37350766) - https://www.anons.army/anon/542
  543: Ranked 336 of 580 (score:  51.67693170) - https://www.anons.army/anon/543
  544: Ranked 439 of 580 (score:  41.86655887) - https://www.anons.army/anon/544
  545: Ranked 366 of 580 (score:  48.07410664) - https://www.anons.army/anon/545
  546: Ranked 279 of 580 (score:  56.47846620) - https://www.anons.army/anon/546
  547: Ranked 408 of 580 (score:  45.11524217) - https://www.anons.army/anon/547
  548: Ranked 374 of 580 (score:  47.33168945) - https://www.anons.army/anon/548
  549: Ranked 428 of 580 (score:  42.93405560) - https://www.anons.army/anon/549
  550: Ranked 225 of 580 (score:  60.37888119) - https://www.anons.army/anon/550
  551: Ranked 512 of 580 (score:  35.68111447) - https://www.anons.army/anon/551
  552: Ranked 569 of 580 (score:  29.53058095) - https://www.anons.army/anon/552
  553: Ranked 450 of 580 (score:  41.00197686) - https://www.anons.army/anon/553
  554: Ranked 307 of 580 (score:  54.14677908) - https://www.anons.army/anon/554
  555: Ranked  32 of 580 (score:  93.53296703) - https://www.anons.army/anon/555
  556: Ranked 211 of 580 (score:  60.99063959) - https://www.anons.army/anon/556
  557: Ranked 278 of 580 (score:  56.48333029) - https://www.anons.army/anon/557
  558: Ranked 126 of 580 (score:  67.24031909) - https://www.anons.army/anon/558
  559: Ranked 521 of 580 (score:  35.14346764) - https://www.anons.army/anon/559
  560: Ranked 193 of 580 (score:  61.94802411) - https://www.anons.army/anon/560
  561: Ranked  99 of 580 (score:  70.91866606) - https://www.anons.army/anon/561
  562: Ranked 420 of 580 (score:  44.19872670) - https://www.anons.army/anon/562
  563: Ranked 430 of 580 (score:  42.50972348) - https://www.anons.army/anon/563
  564: Ranked 547 of 580 (score:  33.27176005) - https://www.anons.army/anon/564
  565: Ranked 161 of 580 (score:  64.02831425) - https://www.anons.army/anon/565
  566: Ranked 105 of 580 (score:  70.31386876) - https://www.anons.army/anon/566
  567: Ranked  95 of 580 (score:  71.29140707) - https://www.anons.army/anon/567
  568: Ranked 383 of 580 (score:  46.77161584) - https://www.anons.army/anon/568
  569: Ranked 128 of 580 (score:  67.02073374) - https://www.anons.army/anon/569
  570: Ranked  12 of 580 (score: 128.47937570) - https://www.anons.army/anon/570
  571: Ranked 113 of 580 (score:  69.23773184) - https://www.anons.army/anon/571
  572: Ranked 294 of 580 (score:  55.37742209) - https://www.anons.army/anon/572
  573: Ranked 217 of 580 (score:  60.81001486) - https://www.anons.army/anon/573
  574: Ranked 396 of 580 (score:  46.00256426) - https://www.anons.army/anon/574
  575: Ranked 427 of 580 (score:  42.94355132) - https://www.anons.army/anon/575
  576: Ranked 158 of 580 (score:  64.33157745) - https://www.anons.army/anon/576
  577: Ranked  92 of 580 (score:  71.62105231) - https://www.anons.army/anon/577
  578: Ranked 124 of 580 (score:  67.77103805) - https://www.anons.army/anon/578
  579: Ranked 234 of 580 (score:  59.36958894) - https://www.anons.army/anon/579
  580: Ranked   4 of 580 (score: 169.14771242) - https://www.anons.army/anon/580


Anons Rarity Score (sorted):
  143: Ranked   1 of 580 (score: 696.99084559) - https://www.anons.army/anon/143
   17: Ranked   2 of 580 (score: 367.22426314) - https://www.anons.army/anon/17
  300: Ranked   3 of 580 (score: 340.54840515) - https://www.anons.army/anon/300
  580: Ranked   4 of 580 (score: 169.14771242) - https://www.anons.army/anon/580
  466: Ranked   5 of 580 (score: 165.43581267) - https://www.anons.army/anon/466
  227: Ranked   6 of 580 (score: 161.06507937) - https://www.anons.army/anon/227
   38: Ranked   7 of 580 (score: 140.96602564) - https://www.anons.army/anon/38
   71: Ranked   8 of 580 (score: 137.23387664) - https://www.anons.army/anon/71
  357: Ranked   9 of 580 (score: 135.97777778) - https://www.anons.army/anon/357
   73: Ranked  10 of 580 (score: 129.85501672) - https://www.anons.army/anon/73
  153: Ranked  11 of 580 (score: 129.38131114) - https://www.anons.army/anon/153
  570: Ranked  12 of 580 (score: 128.47937570) - https://www.anons.army/anon/570
  338: Ranked  13 of 580 (score: 118.09857550) - https://www.anons.army/anon/338
  489: Ranked  14 of 580 (score: 117.68609571) - https://www.anons.army/anon/489
  440: Ranked  15 of 580 (score: 117.20276238) - https://www.anons.army/anon/440
  132: Ranked  16 of 580 (score: 116.71685393) - https://www.anons.army/anon/132
  173: Ranked  17 of 580 (score: 114.13081405) - https://www.anons.army/anon/173
  248: Ranked  18 of 580 (score: 112.11961631) - https://www.anons.army/anon/248
  496: Ranked  19 of 580 (score: 107.05787992) - https://www.anons.army/anon/496
   44: Ranked  20 of 580 (score: 106.21696393) - https://www.anons.army/anon/44
   87: Ranked  21 of 580 (score: 102.29565626) - https://www.anons.army/anon/87
    8: Ranked  22 of 580 (score: 102.02986955) - https://www.anons.army/anon/8
  112: Ranked  23 of 580 (score: 101.74373615) - https://www.anons.army/anon/112
  358: Ranked  24 of 580 (score: 100.60298190) - https://www.anons.army/anon/358
  102: Ranked  25 of 580 (score:  99.04066346) - https://www.anons.army/anon/102
   33: Ranked  26 of 580 (score:  95.65302643) - https://www.anons.army/anon/33
  540: Ranked  27 of 580 (score:  94.47058860) - https://www.anons.army/anon/540
  147: Ranked  28 of 580 (score:  94.11798588) - https://www.anons.army/anon/147
   68: Ranked  29 of 580 (score:  94.01664623) - https://www.anons.army/anon/68
  399: Ranked  30 of 580 (score:  93.63895421) - https://www.anons.army/anon/399
  207: Ranked  31 of 580 (score:  93.56172608) - https://www.anons.army/anon/207
  555: Ranked  32 of 580 (score:  93.53296703) - https://www.anons.army/anon/555
  267: Ranked  33 of 580 (score:  93.35983015) - https://www.anons.army/anon/267
  345: Ranked  34 of 580 (score:  92.47587025) - https://www.anons.army/anon/345
  111: Ranked  35 of 580 (score:  92.28683490) - https://www.anons.army/anon/111
  197: Ranked  36 of 580 (score:  92.23521004) - https://www.anons.army/anon/197
  509: Ranked  37 of 580 (score:  90.72717891) - https://www.anons.army/anon/509
  447: Ranked  38 of 580 (score:  90.18675148) - https://www.anons.army/anon/447
  121: Ranked  39 of 580 (score:  89.78408748) - https://www.anons.army/anon/121
  316: Ranked  40 of 580 (score:  88.52370490) - https://www.anons.army/anon/316
  534: Ranked  41 of 580 (score:  87.91040739) - https://www.anons.army/anon/534
  473: Ranked  42 of 580 (score:  87.69617454) - https://www.anons.army/anon/473
  444: Ranked  43 of 580 (score:  86.47693170) - https://www.anons.army/anon/444
  436: Ranked  44 of 580 (score:  85.21818714) - https://www.anons.army/anon/436
  539: Ranked  45 of 580 (score:  83.67509158) - https://www.anons.army/anon/539
   84: Ranked  46 of 580 (score:  83.40600879) - https://www.anons.army/anon/84
   32: Ranked  47 of 580 (score:  83.11208791) - https://www.anons.army/anon/32
  141: Ranked  48 of 580 (score:  82.55323902) - https://www.anons.army/anon/141
  376: Ranked  49 of 580 (score:  81.68971769) - https://www.anons.army/anon/376
  472: Ranked  50 of 580 (score:  80.39486062) - https://www.anons.army/anon/472
  532: Ranked  51 of 580 (score:  80.00217391) - https://www.anons.army/anon/532
  405: Ranked  52 of 580 (score:  79.24988213) - https://www.anons.army/anon/405
  347: Ranked  53 of 580 (score:  79.16249621) - https://www.anons.army/anon/347
  427: Ranked  54 of 580 (score:  79.06176127) - https://www.anons.army/anon/427
  423: Ranked  55 of 580 (score:  78.85201976) - https://www.anons.army/anon/423
  339: Ranked  56 of 580 (score:  78.76162139) - https://www.anons.army/anon/339
  458: Ranked  57 of 580 (score:  78.70560295) - https://www.anons.army/anon/458
  452: Ranked  58 of 580 (score:  78.44834092) - https://www.anons.army/anon/452
  115: Ranked  59 of 580 (score:  78.09734565) - https://www.anons.army/anon/115
  379: Ranked  60 of 580 (score:  78.00207406) - https://www.anons.army/anon/379
  312: Ranked  61 of 580 (score:  77.89797332) - https://www.anons.army/anon/312
   22: Ranked  62 of 580 (score:  77.47135074) - https://www.anons.army/anon/22
   76: Ranked  63 of 580 (score:  77.37905124) - https://www.anons.army/anon/76
  477: Ranked  64 of 580 (score:  77.13549101) - https://www.anons.army/anon/477
  416: Ranked  65 of 580 (score:  76.97707406) - https://www.anons.army/anon/416
  266: Ranked  66 of 580 (score:  76.47640072) - https://www.anons.army/anon/266
  265: Ranked  67 of 580 (score:  76.30445785) - https://www.anons.army/anon/265
  375: Ranked  68 of 580 (score:  76.03609706) - https://www.anons.army/anon/375
  344: Ranked  69 of 580 (score:  75.97863064) - https://www.anons.army/anon/344
   37: Ranked  70 of 580 (score:  75.91463198) - https://www.anons.army/anon/37
  288: Ranked  71 of 580 (score:  75.25022265) - https://www.anons.army/anon/288
  320: Ranked  72 of 580 (score:  74.99236326) - https://www.anons.army/anon/320
  175: Ranked  73 of 580 (score:  74.83574661) - https://www.anons.army/anon/175
  386: Ranked  74 of 580 (score:  74.74378802) - https://www.anons.army/anon/386
  307: Ranked  75 of 580 (score:  74.72008481) - https://www.anons.army/anon/307
  164: Ranked  76 of 580 (score:  74.37601522) - https://www.anons.army/anon/164
  305: Ranked  77 of 580 (score:  74.36417870) - https://www.anons.army/anon/305
  374: Ranked  78 of 580 (score:  74.22601144) - https://www.anons.army/anon/374
  518: Ranked  79 of 580 (score:  74.21516199) - https://www.anons.army/anon/518
  205: Ranked  80 of 580 (score:  73.57297808) - https://www.anons.army/anon/205
   21: Ranked  81 of 580 (score:  73.56209203) - https://www.anons.army/anon/21
  468: Ranked  82 of 580 (score:  73.21942904) - https://www.anons.army/anon/468
  469: Ranked  83 of 580 (score:  73.20227920) - https://www.anons.army/anon/469
  428: Ranked  84 of 580 (score:  73.15653534) - https://www.anons.army/anon/428
  351: Ranked  85 of 580 (score:  73.14916565) - https://www.anons.army/anon/351
  516: Ranked  86 of 580 (score:  73.00696636) - https://www.anons.army/anon/516
  390: Ranked  87 of 580 (score:  73.00549098) - https://www.anons.army/anon/390
  229: Ranked  88 of 580 (score:  72.33804670) - https://www.anons.army/anon/229
  306: Ranked  89 of 580 (score:  72.26142698) - https://www.anons.army/anon/306
  367: Ranked  90 of 580 (score:  71.95740532) - https://www.anons.army/anon/367
  315: Ranked  91 of 580 (score:  71.81542532) - https://www.anons.army/anon/315
  577: Ranked  92 of 580 (score:  71.62105231) - https://www.anons.army/anon/577
   29: Ranked  93 of 580 (score:  71.59038625) - https://www.anons.army/anon/29
  366: Ranked  94 of 580 (score:  71.52848298) - https://www.anons.army/anon/366
  567: Ranked  95 of 580 (score:  71.29140707) - https://www.anons.army/anon/567
   64: Ranked  96 of 580 (score:  71.07909699) - https://www.anons.army/anon/64
  286: Ranked  97 of 580 (score:  71.05309365) - https://www.anons.army/anon/286
  432: Ranked  98 of 580 (score:  70.93785554) - https://www.anons.army/anon/432
  561: Ranked  99 of 580 (score:  70.91866606) - https://www.anons.army/anon/561
  385: Ranked 100 of 580 (score:  70.81204609) - https://www.anons.army/anon/385
  237: Ranked 101 of 580 (score:  70.62614416) - https://www.anons.army/anon/237
  378: Ranked 102 of 580 (score:  70.54683820) - https://www.anons.army/anon/378
  451: Ranked 103 of 580 (score:  70.42717891) - https://www.anons.army/anon/451
  397: Ranked 104 of 580 (score:  70.39053024) - https://www.anons.army/anon/397
  566: Ranked 105 of 580 (score:  70.31386876) - https://www.anons.army/anon/566
  196: Ranked 106 of 580 (score:  70.08713082) - https://www.anons.army/anon/196
  302: Ranked 107 of 580 (score:  70.01321786) - https://www.anons.army/anon/302
  214: Ranked 108 of 580 (score:  69.95908600) - https://www.anons.army/anon/214
   94: Ranked 109 of 580 (score:  69.74418666) - https://www.anons.army/anon/94
  137: Ranked 110 of 580 (score:  69.70320692) - https://www.anons.army/anon/137
   47: Ranked 111 of 580 (score:  69.67696032) - https://www.anons.army/anon/47
  419: Ranked 112 of 580 (score:  69.53466202) - https://www.anons.army/anon/419
  571: Ranked 113 of 580 (score:  69.23773184) - https://www.anons.army/anon/571
  363: Ranked 114 of 580 (score:  69.19842467) - https://www.anons.army/anon/363
  280: Ranked 115 of 580 (score:  69.17809365) - https://www.anons.army/anon/280
  362: Ranked 116 of 580 (score:  69.17809365) - https://www.anons.army/anon/362
  474: Ranked 117 of 580 (score:  69.10645730) - https://www.anons.army/anon/474
  123: Ranked 118 of 580 (score:  69.02714911) - https://www.anons.army/anon/123
  244: Ranked 119 of 580 (score:  68.89801493) - https://www.anons.army/anon/244
  424: Ranked 120 of 580 (score:  68.86055953) - https://www.anons.army/anon/424
  230: Ranked 121 of 580 (score:  68.04834910) - https://www.anons.army/anon/230
  541: Ranked 122 of 580 (score:  67.99608660) - https://www.anons.army/anon/541
  296: Ranked 123 of 580 (score:  67.92528588) - https://www.anons.army/anon/296
  578: Ranked 124 of 580 (score:  67.77103805) - https://www.anons.army/anon/578
  510: Ranked 125 of 580 (score:  67.34295021) - https://www.anons.army/anon/510
  558: Ranked 126 of 580 (score:  67.24031909) - https://www.anons.army/anon/558
  519: Ranked 127 of 580 (score:  67.14418081) - https://www.anons.army/anon/519
  569: Ranked 128 of 580 (score:  67.02073374) - https://www.anons.army/anon/569
  420: Ranked 129 of 580 (score:  66.91414892) - https://www.anons.army/anon/420
  131: Ranked 130 of 580 (score:  66.90601655) - https://www.anons.army/anon/131
  272: Ranked 131 of 580 (score:  66.82977854) - https://www.anons.army/anon/272
   72: Ranked 132 of 580 (score:  66.72790530) - https://www.anons.army/anon/72
  218: Ranked 133 of 580 (score:  66.69522839) - https://www.anons.army/anon/218
  400: Ranked 134 of 580 (score:  66.63066269) - https://www.anons.army/anon/400
  327: Ranked 135 of 580 (score:  66.60874281) - https://www.anons.army/anon/327
  261: Ranked 136 of 580 (score:  66.57546238) - https://www.anons.army/anon/261
  256: Ranked 137 of 580 (score:  66.52692374) - https://www.anons.army/anon/256
  284: Ranked 138 of 580 (score:  66.46414738) - https://www.anons.army/anon/284
  493: Ranked 139 of 580 (score:  66.43968264) - https://www.anons.army/anon/493
  377: Ranked 140 of 580 (score:  66.41708630) - https://www.anons.army/anon/377
  219: Ranked 141 of 580 (score:  66.39263519) - https://www.anons.army/anon/219
  251: Ranked 142 of 580 (score:  66.15194686) - https://www.anons.army/anon/251
  271: Ranked 143 of 580 (score:  65.81746042) - https://www.anons.army/anon/271
  448: Ranked 144 of 580 (score:  65.75397575) - https://www.anons.army/anon/448
  109: Ranked 145 of 580 (score:  65.70454921) - https://www.anons.army/anon/109
  159: Ranked 146 of 580 (score:  65.61602166) - https://www.anons.army/anon/159
  491: Ranked 147 of 580 (score:  65.26314815) - https://www.anons.army/anon/491
  406: Ranked 148 of 580 (score:  65.25575023) - https://www.anons.army/anon/406
  118: Ranked 149 of 580 (score:  65.24594880) - https://www.anons.army/anon/118
  257: Ranked 150 of 580 (score:  64.90651651) - https://www.anons.army/anon/257
  170: Ranked 151 of 580 (score:  64.82628204) - https://www.anons.army/anon/170
  192: Ranked 152 of 580 (score:  64.75542071) - https://www.anons.army/anon/192
  488: Ranked 153 of 580 (score:  64.71347324) - https://www.anons.army/anon/488
  232: Ranked 154 of 580 (score:  64.67291703) - https://www.anons.army/anon/232
  457: Ranked 155 of 580 (score:  64.66712381) - https://www.anons.army/anon/457
  255: Ranked 156 of 580 (score:  64.36182336) - https://www.anons.army/anon/255
  113: Ranked 157 of 580 (score:  64.35309982) - https://www.anons.army/anon/113
  576: Ranked 158 of 580 (score:  64.33157745) - https://www.anons.army/anon/576
   59: Ranked 159 of 580 (score:  64.24639050) - https://www.anons.army/anon/59
  176: Ranked 160 of 580 (score:  64.22407199) - https://www.anons.army/anon/176
  565: Ranked 161 of 580 (score:  64.02831425) - https://www.anons.army/anon/565
  289: Ranked 162 of 580 (score:  63.98868141) - https://www.anons.army/anon/289
  194: Ranked 163 of 580 (score:  63.92137614) - https://www.anons.army/anon/194
  535: Ranked 164 of 580 (score:  63.87118888) - https://www.anons.army/anon/535
  449: Ranked 165 of 580 (score:  63.85541957) - https://www.anons.army/anon/449
  334: Ranked 166 of 580 (score:  63.79527880) - https://www.anons.army/anon/334
  505: Ranked 167 of 580 (score:  63.67575594) - https://www.anons.army/anon/505
  453: Ranked 168 of 580 (score:  63.60041608) - https://www.anons.army/anon/453
  269: Ranked 169 of 580 (score:  63.38645809) - https://www.anons.army/anon/269
  497: Ranked 170 of 580 (score:  63.33603098) - https://www.anons.army/anon/497
  135: Ranked 171 of 580 (score:  63.18759318) - https://www.anons.army/anon/135
  439: Ranked 172 of 580 (score:  63.10246794) - https://www.anons.army/anon/439
   54: Ranked 173 of 580 (score:  62.98288156) - https://www.anons.army/anon/54
  213: Ranked 174 of 580 (score:  62.92877559) - https://www.anons.army/anon/213
  520: Ranked 175 of 580 (score:  62.80886064) - https://www.anons.army/anon/520
   58: Ranked 176 of 580 (score:  62.76055460) - https://www.anons.army/anon/58
  215: Ranked 177 of 580 (score:  62.74788979) - https://www.anons.army/anon/215
    9: Ranked 178 of 580 (score:  62.73268723) - https://www.anons.army/anon/9
  142: Ranked 179 of 580 (score:  62.70573165) - https://www.anons.army/anon/142
  146: Ranked 180 of 580 (score:  62.60845556) - https://www.anons.army/anon/146
  527: Ranked 181 of 580 (score:  62.58456902) - https://www.anons.army/anon/527
  461: Ranked 182 of 580 (score:  62.41353367) - https://www.anons.army/anon/461
  204: Ranked 183 of 580 (score:  62.38274617) - https://www.anons.army/anon/204
  171: Ranked 184 of 580 (score:  62.35293491) - https://www.anons.army/anon/171
  236: Ranked 185 of 580 (score:  62.33214421) - https://www.anons.army/anon/236
  228: Ranked 186 of 580 (score:  62.28421284) - https://www.anons.army/anon/228
  166: Ranked 187 of 580 (score:  62.21515059) - https://www.anons.army/anon/166
  512: Ranked 188 of 580 (score:  62.13365458) - https://www.anons.army/anon/512
  314: Ranked 189 of 580 (score:  62.12458567) - https://www.anons.army/anon/314
  392: Ranked 190 of 580 (score:  62.09357238) - https://www.anons.army/anon/392
  350: Ranked 191 of 580 (score:  62.03686660) - https://www.anons.army/anon/350
  259: Ranked 192 of 580 (score:  61.96744738) - https://www.anons.army/anon/259
  560: Ranked 193 of 580 (score:  61.94802411) - https://www.anons.army/anon/560
  262: Ranked 194 of 580 (score:  61.89851755) - https://www.anons.army/anon/262
  430: Ranked 195 of 580 (score:  61.84430672) - https://www.anons.army/anon/430
  210: Ranked 196 of 580 (score:  61.81040739) - https://www.anons.army/anon/210
  454: Ranked 197 of 580 (score:  61.79965542) - https://www.anons.army/anon/454
  396: Ranked 198 of 580 (score:  61.67972165) - https://www.anons.army/anon/396
  201: Ranked 199 of 580 (score:  61.54943529) - https://www.anons.army/anon/201
  122: Ranked 200 of 580 (score:  61.54737935) - https://www.anons.army/anon/122
  187: Ranked 201 of 580 (score:  61.48892800) - https://www.anons.army/anon/187
  517: Ranked 202 of 580 (score:  61.36326186) - https://www.anons.army/anon/517
  328: Ranked 203 of 580 (score:  61.26110273) - https://www.anons.army/anon/328
  282: Ranked 204 of 580 (score:  61.22790530) - https://www.anons.army/anon/282
  247: Ranked 205 of 580 (score:  61.19404178) - https://www.anons.army/anon/247
  498: Ranked 206 of 580 (score:  61.19092205) - https://www.anons.army/anon/498
  116: Ranked 207 of 580 (score:  61.17264957) - https://www.anons.army/anon/116
   45: Ranked 208 of 580 (score:  61.05967818) - https://www.anons.army/anon/45
   31: Ranked 209 of 580 (score:  61.03141190) - https://www.anons.army/anon/31
   95: Ranked 210 of 580 (score:  61.00685529) - https://www.anons.army/anon/95
  556: Ranked 211 of 580 (score:  60.99063959) - https://www.anons.army/anon/556
  226: Ranked 212 of 580 (score:  60.90058380) - https://www.anons.army/anon/226
  335: Ranked 213 of 580 (score:  60.88932835) - https://www.anons.army/anon/335
  277: Ranked 214 of 580 (score:  60.86862603) - https://www.anons.army/anon/277
   48: Ranked 215 of 580 (score:  60.84046325) - https://www.anons.army/anon/48
   66: Ranked 216 of 580 (score:  60.81270903) - https://www.anons.army/anon/66
  573: Ranked 217 of 580 (score:  60.81001486) - https://www.anons.army/anon/573
  321: Ranked 218 of 580 (score:  60.80874281) - https://www.anons.army/anon/321
   69: Ranked 219 of 580 (score:  60.73064777) - https://www.anons.army/anon/69
  157: Ranked 220 of 580 (score:  60.67508475) - https://www.anons.army/anon/157
  425: Ranked 221 of 580 (score:  60.61011510) - https://www.anons.army/anon/425
  481: Ranked 222 of 580 (score:  60.60203042) - https://www.anons.army/anon/481
  433: Ranked 223 of 580 (score:  60.55414187) - https://www.anons.army/anon/433
  443: Ranked 224 of 580 (score:  60.45664960) - https://www.anons.army/anon/443
  550: Ranked 225 of 580 (score:  60.37888119) - https://www.anons.army/anon/550
   27: Ranked 226 of 580 (score:  60.29021611) - https://www.anons.army/anon/27
  383: Ranked 227 of 580 (score:  60.13548554) - https://www.anons.army/anon/383
   14: Ranked 228 of 580 (score:  60.06160095) - https://www.anons.army/anon/14
  195: Ranked 229 of 580 (score:  59.98707881) - https://www.anons.army/anon/195
  531: Ranked 230 of 580 (score:  59.62698423) - https://www.anons.army/anon/531
  325: Ranked 231 of 580 (score:  59.61349315) - https://www.anons.army/anon/325
   35: Ranked 232 of 580 (score:  59.41711640) - https://www.anons.army/anon/35
  337: Ranked 233 of 580 (score:  59.37226962) - https://www.anons.army/anon/337
  579: Ranked 234 of 580 (score:  59.36958894) - https://www.anons.army/anon/579
  476: Ranked 235 of 580 (score:  59.25155756) - https://www.anons.army/anon/476
  222: Ranked 236 of 580 (score:  59.20276238) - https://www.anons.army/anon/222
  263: Ranked 237 of 580 (score:  59.14940113) - https://www.anons.army/anon/263
   23: Ranked 238 of 580 (score:  59.08804281) - https://www.anons.army/anon/23
  486: Ranked 239 of 580 (score:  58.97654796) - https://www.anons.army/anon/486
  127: Ranked 240 of 580 (score:  58.96194546) - https://www.anons.army/anon/127
  326: Ranked 241 of 580 (score:  58.75734854) - https://www.anons.army/anon/326
  361: Ranked 242 of 580 (score:  58.74595092) - https://www.anons.army/anon/361
  258: Ranked 243 of 580 (score:  58.59487179) - https://www.anons.army/anon/258
  155: Ranked 244 of 580 (score:  58.57499445) - https://www.anons.army/anon/155
  524: Ranked 245 of 580 (score:  58.49433726) - https://www.anons.army/anon/524
   91: Ranked 246 of 580 (score:  58.40359604) - https://www.anons.army/anon/91
  435: Ranked 247 of 580 (score:  58.38412709) - https://www.anons.army/anon/435
  542: Ranked 248 of 580 (score:  58.37350766) - https://www.anons.army/anon/542
  352: Ranked 249 of 580 (score:  58.35346641) - https://www.anons.army/anon/352
  167: Ranked 250 of 580 (score:  58.24861823) - https://www.anons.army/anon/167
   51: Ranked 251 of 580 (score:  58.16057228) - https://www.anons.army/anon/51
  470: Ranked 252 of 580 (score:  58.12952221) - https://www.anons.army/anon/470
  249: Ranked 253 of 580 (score:  58.01615022) - https://www.anons.army/anon/249
  364: Ranked 254 of 580 (score:  57.98879097) - https://www.anons.army/anon/364
  149: Ranked 255 of 580 (score:  57.92098969) - https://www.anons.army/anon/149
  445: Ranked 256 of 580 (score:  57.87232488) - https://www.anons.army/anon/445
   70: Ranked 257 of 580 (score:  57.79379444) - https://www.anons.army/anon/70
  290: Ranked 258 of 580 (score:  57.77136553) - https://www.anons.army/anon/290
  492: Ranked 259 of 580 (score:  57.68679953) - https://www.anons.army/anon/492
  353: Ranked 260 of 580 (score:  57.62862953) - https://www.anons.army/anon/353
   99: Ranked 261 of 580 (score:  57.57602887) - https://www.anons.army/anon/99
  158: Ranked 262 of 580 (score:  57.54091416) - https://www.anons.army/anon/158
  504: Ranked 263 of 580 (score:  57.53603098) - https://www.anons.army/anon/504
    2: Ranked 264 of 580 (score:  57.47346281) - https://www.anons.army/anon/2
    4: Ranked 265 of 580 (score:  57.42341104) - https://www.anons.army/anon/4
  421: Ranked 266 of 580 (score:  57.40475265) - https://www.anons.army/anon/421
  471: Ranked 267 of 580 (score:  57.35282881) - https://www.anons.army/anon/471
  235: Ranked 268 of 580 (score:  57.29772080) - https://www.anons.army/anon/235
  190: Ranked 269 of 580 (score:  57.13678930) - https://www.anons.army/anon/190
   42: Ranked 270 of 580 (score:  57.11246483) - https://www.anons.army/anon/42
  198: Ranked 271 of 580 (score:  56.98287302) - https://www.anons.army/anon/198
  211: Ranked 272 of 580 (score:  56.89004652) - https://www.anons.army/anon/211
  426: Ranked 273 of 580 (score:  56.72238559) - https://www.anons.army/anon/426
  370: Ranked 274 of 580 (score:  56.69418208) - https://www.anons.army/anon/370
  409: Ranked 275 of 580 (score:  56.65331183) - https://www.anons.army/anon/409
  434: Ranked 276 of 580 (score:  56.63380138) - https://www.anons.army/anon/434
  245: Ranked 277 of 580 (score:  56.59903382) - https://www.anons.army/anon/245
  557: Ranked 278 of 580 (score:  56.48333029) - https://www.anons.army/anon/557
  546: Ranked 279 of 580 (score:  56.47846620) - https://www.anons.army/anon/546
  250: Ranked 280 of 580 (score:  56.45970696) - https://www.anons.army/anon/250
  285: Ranked 281 of 580 (score:  56.40224034) - https://www.anons.army/anon/285
  523: Ranked 282 of 580 (score:  56.33672493) - https://www.anons.army/anon/523
   88: Ranked 283 of 580 (score:  56.15649785) - https://www.anons.army/anon/88
   55: Ranked 284 of 580 (score:  56.12446833) - https://www.anons.army/anon/55
  134: Ranked 285 of 580 (score:  55.92414530) - https://www.anons.army/anon/134
   12: Ranked 286 of 580 (score:  55.90582026) - https://www.anons.army/anon/12
   86: Ranked 287 of 580 (score:  55.87377173) - https://www.anons.army/anon/86
  442: Ranked 288 of 580 (score:  55.84864077) - https://www.anons.army/anon/442
  276: Ranked 289 of 580 (score:  55.76095489) - https://www.anons.army/anon/276
  407: Ranked 290 of 580 (score:  55.66454481) - https://www.anons.army/anon/407
  467: Ranked 291 of 580 (score:  55.60700155) - https://www.anons.army/anon/467
  139: Ranked 292 of 580 (score:  55.51268719) - https://www.anons.army/anon/139
  169: Ranked 293 of 580 (score:  55.49304029) - https://www.anons.army/anon/169
  572: Ranked 294 of 580 (score:  55.37742209) - https://www.anons.army/anon/572
  381: Ranked 295 of 580 (score:  55.17890660) - https://www.anons.army/anon/381
  500: Ranked 296 of 580 (score:  55.06906589) - https://www.anons.army/anon/500
  209: Ranked 297 of 580 (score:  55.05504118) - https://www.anons.army/anon/209
  294: Ranked 298 of 580 (score:  54.95698097) - https://www.anons.army/anon/294
   80: Ranked 299 of 580 (score:  54.78986183) - https://www.anons.army/anon/80
   85: Ranked 300 of 580 (score:  54.77068013) - https://www.anons.army/anon/85
  136: Ranked 301 of 580 (score:  54.67810156) - https://www.anons.army/anon/136
  283: Ranked 302 of 580 (score:  54.60232402) - https://www.anons.army/anon/283
  181: Ranked 303 of 580 (score:  54.59274740) - https://www.anons.army/anon/181
   81: Ranked 304 of 580 (score:  54.45076006) - https://www.anons.army/anon/81
  129: Ranked 305 of 580 (score:  54.42523786) - https://www.anons.army/anon/129
   82: Ranked 306 of 580 (score:  54.33723419) - https://www.anons.army/anon/82
  554: Ranked 307 of 580 (score:  54.14677908) - https://www.anons.army/anon/554
  188: Ranked 308 of 580 (score:  54.11062931) - https://www.anons.army/anon/188
  108: Ranked 309 of 580 (score:  54.07628369) - https://www.anons.army/anon/108
  395: Ranked 310 of 580 (score:  53.75245844) - https://www.anons.army/anon/395
  246: Ranked 311 of 580 (score:  53.56007777) - https://www.anons.army/anon/246
   77: Ranked 312 of 580 (score:  53.42556633) - https://www.anons.army/anon/77
  126: Ranked 313 of 580 (score:  53.40568808) - https://www.anons.army/anon/126
    7: Ranked 314 of 580 (score:  52.93438427) - https://www.anons.army/anon/7
  521: Ranked 315 of 580 (score:  52.85585496) - https://www.anons.army/anon/521
   16: Ranked 316 of 580 (score:  52.79514144) - https://www.anons.army/anon/16
   43: Ranked 317 of 580 (score:  52.70825292) - https://www.anons.army/anon/43
  152: Ranked 318 of 580 (score:  52.68819582) - https://www.anons.army/anon/152
  161: Ranked 319 of 580 (score:  52.60197686) - https://www.anons.army/anon/161
  133: Ranked 320 of 580 (score:  52.49863956) - https://www.anons.army/anon/133
  223: Ranked 321 of 580 (score:  52.49559757) - https://www.anons.army/anon/223
  462: Ranked 322 of 580 (score:  52.42831425) - https://www.anons.army/anon/462
  145: Ranked 323 of 580 (score:  52.41557239) - https://www.anons.army/anon/145
  417: Ranked 324 of 580 (score:  52.37139671) - https://www.anons.army/anon/417
  304: Ranked 325 of 580 (score:  52.26975519) - https://www.anons.army/anon/304
  411: Ranked 326 of 580 (score:  52.07799160) - https://www.anons.army/anon/411
  329: Ranked 327 of 580 (score:  52.00147270) - https://www.anons.army/anon/329
  293: Ranked 328 of 580 (score:  51.97914471) - https://www.anons.army/anon/293
   19: Ranked 329 of 580 (score:  51.94289843) - https://www.anons.army/anon/19
  410: Ranked 330 of 580 (score:  51.91366639) - https://www.anons.army/anon/410
  105: Ranked 331 of 580 (score:  51.90406162) - https://www.anons.army/anon/105
  478: Ranked 332 of 580 (score:  51.84125691) - https://www.anons.army/anon/478
  331: Ranked 333 of 580 (score:  51.81243980) - https://www.anons.army/anon/331
  365: Ranked 334 of 580 (score:  51.72575558) - https://www.anons.army/anon/365
    6: Ranked 335 of 580 (score:  51.70073260) - https://www.anons.army/anon/6
  543: Ranked 336 of 580 (score:  51.67693170) - https://www.anons.army/anon/543
  120: Ranked 337 of 580 (score:  51.49794920) - https://www.anons.army/anon/120
  429: Ranked 338 of 580 (score:  51.45796994) - https://www.anons.army/anon/429
  203: Ranked 339 of 580 (score:  51.41331963) - https://www.anons.army/anon/203
  330: Ranked 340 of 580 (score:  51.39485451) - https://www.anons.army/anon/330
  117: Ranked 341 of 580 (score:  51.26000989) - https://www.anons.army/anon/117
  508: Ranked 342 of 580 (score:  51.12785464) - https://www.anons.army/anon/508
  360: Ranked 343 of 580 (score:  51.08077259) - https://www.anons.army/anon/360
  490: Ranked 344 of 580 (score:  50.87529726) - https://www.anons.army/anon/490
  174: Ranked 345 of 580 (score:  50.82410668) - https://www.anons.army/anon/174
   60: Ranked 346 of 580 (score:  50.79390808) - https://www.anons.army/anon/60
  346: Ranked 347 of 580 (score:  50.78712875) - https://www.anons.army/anon/346
  124: Ranked 348 of 580 (score:  50.71354629) - https://www.anons.army/anon/124
  384: Ranked 349 of 580 (score:  50.34956219) - https://www.anons.army/anon/384
  507: Ranked 350 of 580 (score:  50.25294964) - https://www.anons.army/anon/507
  156: Ranked 351 of 580 (score:  50.24486666) - https://www.anons.army/anon/156
  168: Ranked 352 of 580 (score:  50.05970382) - https://www.anons.army/anon/168
   30: Ranked 353 of 580 (score:  49.90792357) - https://www.anons.army/anon/30
  528: Ranked 354 of 580 (score:  49.84377767) - https://www.anons.army/anon/528
  485: Ranked 355 of 580 (score:  49.73043593) - https://www.anons.army/anon/485
  240: Ranked 356 of 580 (score:  49.65886288) - https://www.anons.army/anon/240
  368: Ranked 357 of 580 (score:  49.19450760) - https://www.anons.army/anon/368
  162: Ranked 358 of 580 (score:  49.19281213) - https://www.anons.army/anon/162
  340: Ranked 359 of 580 (score:  49.13421900) - https://www.anons.army/anon/340
   83: Ranked 360 of 580 (score:  49.07177908) - https://www.anons.army/anon/83
  287: Ranked 361 of 580 (score:  49.00647672) - https://www.anons.army/anon/287
  310: Ranked 362 of 580 (score:  48.85232437) - https://www.anons.army/anon/310
   46: Ranked 363 of 580 (score:  48.33565998) - https://www.anons.army/anon/46
  243: Ranked 364 of 580 (score:  48.33565998) - https://www.anons.army/anon/243
  514: Ranked 365 of 580 (score:  48.13374941) - https://www.anons.army/anon/514
  545: Ranked 366 of 580 (score:  48.07410664) - https://www.anons.army/anon/545
  238: Ranked 367 of 580 (score:  47.87491958) - https://www.anons.army/anon/238
  154: Ranked 368 of 580 (score:  47.81527682) - https://www.anons.army/anon/154
  160: Ranked 369 of 580 (score:  47.65341815) - https://www.anons.army/anon/160
  163: Ranked 370 of 580 (score:  47.59377538) - https://www.anons.army/anon/163
   98: Ranked 371 of 580 (score:  47.49412103) - https://www.anons.army/anon/98
  487: Ranked 372 of 580 (score:  47.48838471) - https://www.anons.army/anon/487
   79: Ranked 373 of 580 (score:  47.45222887) - https://www.anons.army/anon/79
  548: Ranked 374 of 580 (score:  47.33168945) - https://www.anons.army/anon/548
  530: Ranked 375 of 580 (score:  47.25052446) - https://www.anons.army/anon/530
  183: Ranked 376 of 580 (score:  47.18616497) - https://www.anons.army/anon/183
  394: Ranked 377 of 580 (score:  47.06450956) - https://www.anons.army/anon/394
  182: Ranked 378 of 580 (score:  47.05455686) - https://www.anons.army/anon/182
  459: Ranked 379 of 580 (score:  46.92299705) - https://www.anons.army/anon/459
  412: Ranked 380 of 580 (score:  46.91946369) - https://www.anons.army/anon/412
  404: Ranked 381 of 580 (score:  46.87234128) - https://www.anons.army/anon/404
  446: Ranked 382 of 580 (score:  46.83314368) - https://www.anons.army/anon/446
  568: Ranked 383 of 580 (score:  46.77161584) - https://www.anons.army/anon/568
  178: Ranked 384 of 580 (score:  46.70863059) - https://www.anons.army/anon/178
  185: Ranked 385 of 580 (score:  46.68796039) - https://www.anons.army/anon/185
  107: Ranked 386 of 580 (score:  46.66268548) - https://www.anons.army/anon/107
  208: Ranked 387 of 580 (score:  46.60390086) - https://www.anons.army/anon/208
  301: Ranked 388 of 580 (score:  46.51949830) - https://www.anons.army/anon/301
  371: Ranked 389 of 580 (score:  46.46683853) - https://www.anons.army/anon/371
  322: Ranked 390 of 580 (score:  46.29392516) - https://www.anons.army/anon/322
   10: Ranked 391 of 580 (score:  46.27829983) - https://www.anons.army/anon/10
  522: Ranked 392 of 580 (score:  46.17962755) - https://www.anons.army/anon/522
   34: Ranked 393 of 580 (score:  46.12674443) - https://www.anons.army/anon/34
  217: Ranked 394 of 580 (score:  46.06444117) - https://www.anons.army/anon/217
  348: Ranked 395 of 580 (score:  46.01712056) - https://www.anons.army/anon/348
  574: Ranked 396 of 580 (score:  46.00256426) - https://www.anons.army/anon/574
  186: Ranked 397 of 580 (score:  45.93258257) - https://www.anons.army/anon/186
  295: Ranked 398 of 580 (score:  45.91188837) - https://www.anons.army/anon/295
  437: Ranked 399 of 580 (score:  45.86368141) - https://www.anons.army/anon/437
   96: Ranked 400 of 580 (score:  45.81698253) - https://www.anons.army/anon/96
  225: Ranked 401 of 580 (score:  45.63798768) - https://www.anons.army/anon/225
  355: Ranked 402 of 580 (score:  45.52522265) - https://www.anons.army/anon/355
   28: Ranked 403 of 580 (score:  45.37707406) - https://www.anons.army/anon/28
  431: Ranked 404 of 580 (score:  45.29827316) - https://www.anons.army/anon/431
  103: Ranked 405 of 580 (score:  45.26851918) - https://www.anons.army/anon/103
  303: Ranked 406 of 580 (score:  45.16675249) - https://www.anons.army/anon/303
  172: Ranked 407 of 580 (score:  45.13064370) - https://www.anons.army/anon/172
  547: Ranked 408 of 580 (score:  45.11524217) - https://www.anons.army/anon/547
  460: Ranked 409 of 580 (score:  45.07677172) - https://www.anons.army/anon/460
   13: Ranked 410 of 580 (score:  45.02187065) - https://www.anons.army/anon/13
  191: Ranked 411 of 580 (score:  45.02187065) - https://www.anons.army/anon/191
  264: Ranked 412 of 580 (score:  44.92338195) - https://www.anons.army/anon/264
  291: Ranked 413 of 580 (score:  44.86107529) - https://www.anons.army/anon/291
  119: Ranked 414 of 580 (score:  44.84423249) - https://www.anons.army/anon/119
  369: Ranked 415 of 580 (score:  44.73885650) - https://www.anons.army/anon/369
  482: Ranked 416 of 580 (score:  44.48705990) - https://www.anons.army/anon/482
   75: Ranked 417 of 580 (score:  44.48002667) - https://www.anons.army/anon/75
  398: Ranked 418 of 580 (score:  44.40942206) - https://www.anons.army/anon/398
  202: Ranked 419 of 580 (score:  44.32922377) - https://www.anons.army/anon/202
  562: Ranked 420 of 580 (score:  44.19872670) - https://www.anons.army/anon/562
  483: Ranked 421 of 580 (score:  44.15697889) - https://www.anons.army/anon/483
  380: Ranked 422 of 580 (score:  43.92411569) - https://www.anons.army/anon/380
  464: Ranked 423 of 580 (score:  43.70283277) - https://www.anons.army/anon/464
  299: Ranked 424 of 580 (score:  43.58421355) - https://www.anons.army/anon/299
  279: Ranked 425 of 580 (score:  43.54084351) - https://www.anons.army/anon/279
  193: Ranked 426 of 580 (score:  43.04276159) - https://www.anons.army/anon/193
  575: Ranked 427 of 580 (score:  42.94355132) - https://www.anons.army/anon/575
  549: Ranked 428 of 580 (score:  42.93405560) - https://www.anons.army/anon/549
  270: Ranked 429 of 580 (score:  42.60589017) - https://www.anons.army/anon/270
  563: Ranked 430 of 580 (score:  42.50972348) - https://www.anons.army/anon/563
   24: Ranked 431 of 580 (score:  42.47711776) - https://www.anons.army/anon/24
  177: Ranked 432 of 580 (score:  42.34706035) - https://www.anons.army/anon/177
  525: Ranked 433 of 580 (score:  42.11736147) - https://www.anons.army/anon/525
  450: Ranked 434 of 580 (score:  42.05413105) - https://www.anons.army/anon/450
  212: Ranked 435 of 580 (score:  42.03706800) - https://www.anons.army/anon/212
  359: Ranked 436 of 580 (score:  41.98223426) - https://www.anons.army/anon/359
    3: Ranked 437 of 580 (score:  41.95303627) - https://www.anons.army/anon/3
  538: Ranked 438 of 580 (score:  41.88062678) - https://www.anons.army/anon/538
  544: Ranked 439 of 580 (score:  41.86655887) - https://www.anons.army/anon/544
  273: Ranked 440 of 580 (score:  41.81283770) - https://www.anons.army/anon/273
  389: Ranked 441 of 580 (score:  41.63081405) - https://www.anons.army/anon/389
  456: Ranked 442 of 580 (score:  41.53323766) - https://www.anons.army/anon/456
   53: Ranked 443 of 580 (score:  41.44714209) - https://www.anons.army/anon/53
  408: Ranked 444 of 580 (score:  41.38941077) - https://www.anons.army/anon/408
  463: Ranked 445 of 580 (score:  41.33903665) - https://www.anons.army/anon/463
  165: Ranked 446 of 580 (score:  41.30392194) - https://www.anons.army/anon/165
   61: Ranked 447 of 580 (score:  41.26080668) - https://www.anons.army/anon/61
  275: Ranked 448 of 580 (score:  41.15831793) - https://www.anons.army/anon/275
  455: Ranked 449 of 580 (score:  41.02407199) - https://www.anons.army/anon/455
  553: Ranked 450 of 580 (score:  41.00197686) - https://www.anons.army/anon/553
  101: Ranked 451 of 580 (score:  40.98575499) - https://www.anons.army/anon/101
  200: Ranked 452 of 580 (score:  40.86347655) - https://www.anons.army/anon/200
  506: Ranked 453 of 580 (score:  40.71397738) - https://www.anons.army/anon/506
  388: Ranked 454 of 580 (score:  40.67508475) - https://www.anons.army/anon/388
  511: Ranked 455 of 580 (score:  40.66051035) - https://www.anons.army/anon/511
  206: Ranked 456 of 580 (score:  40.64826921) - https://www.anons.army/anon/206
   52: Ranked 457 of 580 (score:  40.54374073) - https://www.anons.army/anon/52
  274: Ranked 458 of 580 (score:  40.53462158) - https://www.anons.army/anon/274
  224: Ranked 459 of 580 (score:  40.44262745) - https://www.anons.army/anon/224
   92: Ranked 460 of 580 (score:  40.40307504) - https://www.anons.army/anon/92
  513: Ranked 461 of 580 (score:  40.34282264) - https://www.anons.army/anon/513
  313: Ranked 462 of 580 (score:  40.24633807) - https://www.anons.army/anon/313
    5: Ranked 463 of 580 (score:  40.16481273) - https://www.anons.army/anon/5
  292: Ranked 464 of 580 (score:  39.98619866) - https://www.anons.army/anon/292
  221: Ranked 465 of 580 (score:  39.91784210) - https://www.anons.army/anon/221
  341: Ranked 466 of 580 (score:  39.90656352) - https://www.anons.army/anon/341
  494: Ranked 467 of 580 (score:  39.85104911) - https://www.anons.army/anon/494
  128: Ranked 468 of 580 (score:  39.68236715) - https://www.anons.army/anon/128
  234: Ranked 469 of 580 (score:  39.67351489) - https://www.anons.army/anon/234
   74: Ranked 470 of 580 (score:  39.60975067) - https://www.anons.army/anon/74
  391: Ranked 471 of 580 (score:  39.57086168) - https://www.anons.army/anon/391
  402: Ranked 472 of 580 (score:  39.55836837) - https://www.anons.army/anon/402
  298: Ranked 473 of 580 (score:  39.53726708) - https://www.anons.army/anon/298
  268: Ranked 474 of 580 (score:  39.29066844) - https://www.anons.army/anon/268
  239: Ranked 475 of 580 (score:  39.28232699) - https://www.anons.army/anon/239
  233: Ranked 476 of 580 (score:  39.25054503) - https://www.anons.army/anon/233
  254: Ranked 477 of 580 (score:  39.18090243) - https://www.anons.army/anon/254
  297: Ranked 478 of 580 (score:  39.02777788) - https://www.anons.army/anon/297
  281: Ranked 479 of 580 (score:  38.90426578) - https://www.anons.army/anon/281
   93: Ranked 480 of 580 (score:  38.63406949) - https://www.anons.army/anon/93
  503: Ranked 481 of 580 (score:  38.61045109) - https://www.anons.army/anon/503
   62: Ranked 482 of 580 (score:  38.60777990) - https://www.anons.army/anon/62
  356: Ranked 483 of 580 (score:  38.33950978) - https://www.anons.army/anon/356
  515: Ranked 484 of 580 (score:  38.13281171) - https://www.anons.army/anon/515
  414: Ranked 485 of 580 (score:  38.08142262) - https://www.anons.army/anon/414
   36: Ranked 486 of 580 (score:  37.64829598) - https://www.anons.army/anon/36
  418: Ranked 487 of 580 (score:  37.60045715) - https://www.anons.army/anon/418
   57: Ranked 488 of 580 (score:  37.36941640) - https://www.anons.army/anon/57
   78: Ranked 489 of 580 (score:  37.17696824) - https://www.anons.army/anon/78
  537: Ranked 490 of 580 (score:  37.06255209) - https://www.anons.army/anon/537
  110: Ranked 491 of 580 (score:  37.02199683) - https://www.anons.army/anon/110
  138: Ranked 492 of 580 (score:  36.84015059) - https://www.anons.army/anon/138
   40: Ranked 493 of 580 (score:  36.76464538) - https://www.anons.army/anon/40
   56: Ranked 494 of 580 (score:  36.64563775) - https://www.anons.army/anon/56
  125: Ranked 495 of 580 (score:  36.60759259) - https://www.anons.army/anon/125
  354: Ranked 496 of 580 (score:  36.51325848) - https://www.anons.army/anon/354
   63: Ranked 497 of 580 (score:  36.47058860) - https://www.anons.army/anon/63
   15: Ranked 498 of 580 (score:  36.46383186) - https://www.anons.army/anon/15
  104: Ranked 499 of 580 (score:  36.34686455) - https://www.anons.army/anon/104
  480: Ranked 500 of 580 (score:  36.30882009) - https://www.anons.army/anon/480
  382: Ranked 501 of 580 (score:  36.25575023) - https://www.anons.army/anon/382
  499: Ranked 502 of 580 (score:  36.21207833) - https://www.anons.army/anon/499
  373: Ranked 503 of 580 (score:  36.20531805) - https://www.anons.army/anon/373
  242: Ranked 504 of 580 (score:  36.07381481) - https://www.anons.army/anon/242
   90: Ranked 505 of 580 (score:  35.97555700) - https://www.anons.army/anon/90
  533: Ranked 506 of 580 (score:  35.94092592) - https://www.anons.army/anon/533
   97: Ranked 507 of 580 (score:  35.90261590) - https://www.anons.army/anon/97
  100: Ranked 508 of 580 (score:  35.87820513) - https://www.anons.army/anon/100
  317: Ranked 509 of 580 (score:  35.81498499) - https://www.anons.army/anon/317
   41: Ranked 510 of 580 (score:  35.76561754) - https://www.anons.army/anon/41
  106: Ranked 511 of 580 (score:  35.68209610) - https://www.anons.army/anon/106
  551: Ranked 512 of 580 (score:  35.68111447) - https://www.anons.army/anon/551
  140: Ranked 513 of 580 (score:  35.59262356) - https://www.anons.army/anon/140
  415: Ranked 514 of 580 (score:  35.58962149) - https://www.anons.army/anon/415
  231: Ranked 515 of 580 (score:  35.46059466) - https://www.anons.army/anon/231
  438: Ranked 516 of 580 (score:  35.46059466) - https://www.anons.army/anon/438
  199: Ranked 517 of 580 (score:  35.34602492) - https://www.anons.army/anon/199
  495: Ranked 518 of 580 (score:  35.24143264) - https://www.anons.army/anon/495
  479: Ranked 519 of 580 (score:  35.14642470) - https://www.anons.army/anon/479
  311: Ranked 520 of 580 (score:  35.14346764) - https://www.anons.army/anon/311
  559: Ranked 521 of 580 (score:  35.14346764) - https://www.anons.army/anon/559
   67: Ranked 522 of 580 (score:  35.06296088) - https://www.anons.army/anon/67
  343: Ranked 523 of 580 (score:  35.05426504) - https://www.anons.army/anon/343
  319: Ranked 524 of 580 (score:  34.95606567) - https://www.anons.army/anon/319
  151: Ranked 525 of 580 (score:  34.91454053) - https://www.anons.army/anon/151
  502: Ranked 526 of 580 (score:  34.91401151) - https://www.anons.army/anon/502
   39: Ranked 527 of 580 (score:  34.86171926) - https://www.anons.army/anon/39
  465: Ranked 528 of 580 (score:  34.84896666) - https://www.anons.army/anon/465
  318: Ranked 529 of 580 (score:  34.83972182) - https://www.anons.army/anon/318
  260: Ranked 530 of 580 (score:  34.81636224) - https://www.anons.army/anon/260
  332: Ranked 531 of 580 (score:  34.70983525) - https://www.anons.army/anon/332
  349: Ranked 532 of 580 (score:  34.68243717) - https://www.anons.army/anon/349
  323: Ranked 533 of 580 (score:  34.49230224) - https://www.anons.army/anon/323
  180: Ranked 534 of 580 (score:  34.47723894) - https://www.anons.army/anon/180
   65: Ranked 535 of 580 (score:  34.37137650) - https://www.anons.army/anon/65
  144: Ranked 536 of 580 (score:  34.28986991) - https://www.anons.army/anon/144
  529: Ranked 537 of 580 (score:  34.24269525) - https://www.anons.army/anon/529
  501: Ranked 538 of 580 (score:  34.14205056) - https://www.anons.army/anon/501
  179: Ranked 539 of 580 (score:  34.11467302) - https://www.anons.army/anon/179
   89: Ranked 540 of 580 (score:  34.09929628) - https://www.anons.army/anon/89
  342: Ranked 541 of 580 (score:  34.04341110) - https://www.anons.army/anon/342
  278: Ranked 542 of 580 (score:  33.99390561) - https://www.anons.army/anon/278
  308: Ranked 543 of 580 (score:  33.81910305) - https://www.anons.army/anon/308
   20: Ranked 544 of 580 (score:  33.65314244) - https://www.anons.army/anon/20
   25: Ranked 545 of 580 (score:  33.63601588) - https://www.anons.army/anon/25
  333: Ranked 546 of 580 (score:  33.54775177) - https://www.anons.army/anon/333
  564: Ranked 547 of 580 (score:  33.27176005) - https://www.anons.army/anon/564
   50: Ranked 548 of 580 (score:  33.11392392) - https://www.anons.army/anon/50
  324: Ranked 549 of 580 (score:  33.04605660) - https://www.anons.army/anon/324
  372: Ranked 550 of 580 (score:  32.84188034) - https://www.anons.army/anon/372
  484: Ranked 551 of 580 (score:  32.69863752) - https://www.anons.army/anon/484
  130: Ranked 552 of 580 (score:  32.45893594) - https://www.anons.army/anon/130
  309: Ranked 553 of 580 (score:  32.14172176) - https://www.anons.army/anon/309
  189: Ranked 554 of 580 (score:  32.10635012) - https://www.anons.army/anon/189
  114: Ranked 555 of 580 (score:  32.10283277) - https://www.anons.army/anon/114
    1: Ranked 556 of 580 (score:  32.08249216) - https://www.anons.army/anon/1
  475: Ranked 557 of 580 (score:  32.02443844) - https://www.anons.army/anon/475
  216: Ranked 558 of 580 (score:  31.87993488) - https://www.anons.army/anon/216
  387: Ranked 559 of 580 (score:  31.69754633) - https://www.anons.army/anon/387
  220: Ranked 560 of 580 (score:  31.53095329) - https://www.anons.army/anon/220
  148: Ranked 561 of 580 (score:  31.50499429) - https://www.anons.army/anon/148
  526: Ranked 562 of 580 (score:  31.48290481) - https://www.anons.army/anon/526
  403: Ranked 563 of 580 (score:  30.96577577) - https://www.anons.army/anon/403
   49: Ranked 564 of 580 (score:  30.94677908) - https://www.anons.army/anon/49
  422: Ranked 565 of 580 (score:  30.90972348) - https://www.anons.army/anon/422
  536: Ranked 566 of 580 (score:  30.87581946) - https://www.anons.army/anon/536
  336: Ranked 567 of 580 (score:  30.50215867) - https://www.anons.army/anon/336
  241: Ranked 568 of 580 (score:  30.34475061) - https://www.anons.army/anon/241
  552: Ranked 569 of 580 (score:  29.53058095) - https://www.anons.army/anon/552
  253: Ranked 570 of 580 (score:  29.11509909) - https://www.anons.army/anon/253
  184: Ranked 571 of 580 (score:  29.01615022) - https://www.anons.army/anon/184
  150: Ranked 572 of 580 (score:  28.95745842) - https://www.anons.army/anon/150
  393: Ranked 573 of 580 (score:  28.82216979) - https://www.anons.army/anon/393
   26: Ranked 574 of 580 (score:  28.73595698) - https://www.anons.army/anon/26
   11: Ranked 575 of 580 (score:  28.63476782) - https://www.anons.army/anon/11
   18: Ranked 576 of 580 (score:  28.54197656) - https://www.anons.army/anon/18
  252: Ranked 577 of 580 (score:  28.19673846) - https://www.anons.army/anon/252
  401: Ranked 578 of 580 (score:  27.79337518) - https://www.anons.army/anon/401
  441: Ranked 579 of 580 (score:  27.08950351) - https://www.anons.army/anon/441
  413: Ranked 580 of 580 (score:  26.76261140) - https://www.anons.army/anon/413
